11:10:34.984 logback [restartedMain] INFO  o.s.c.a.AnnotationConfigApplicationContext - Refreshing org.springframework.context.annotation.AnnotationConfigApplicationContext@24814d91: startup date [Mon Apr 02 11:10:34 CST 2018]; root of context hierarchy
11:10:35.246 logback [background-preinit] INFO  o.h.validator.internal.util.Version - HV000001: Hibernate Validator 5.2.4.Final
11:10:35.468 logback [restartedMain] INFO  o.s.b.f.a.AutowiredAnnotationBeanPostProcessor - JSR-330 'javax.inject.Inject' annotation found and supported for autowiring
11:10:35.525 logback [restartedMain] INFO  o.s.c.s.PostProcessorRegistrationDelegate$BeanPostProcessorChecker - Bean 'configurationPropertiesRebinderAutoConfiguration' of type [class org.springframework.cloud.autoconfigure.ConfigurationPropertiesRebinderAutoConfiguration$$EnhancerBySpringCGLIB$$107d2175] is not eligible for getting processed by all BeanPostProcessors (for example: not eligible for auto-proxying)
11:10:36.703 logback [restartedMain] INFO  com.neo.Application - No active profile set, falling back to default profiles: default
11:10:36.743 logback [restartedMain] INFO  o.s.b.c.e.AnnotationConfigEmbeddedWebApplicationContext - Refreshing org.springframework.boot.context.embedded.AnnotationConfigEmbeddedWebApplicationContext@792917d1: startup date [Mon Apr 02 11:10:36 CST 2018]; parent: org.springframework.context.annotation.AnnotationConfigApplicationContext@24814d91
11:10:42.152 logback [restartedMain] INFO  o.s.d.r.c.RepositoryConfigurationDelegate - Multiple Spring Data modules found, entering strict repository configuration mode!
11:10:43.020 logback [restartedMain] INFO  o.s.cloud.context.scope.GenericScope - BeanFactory id=2f8a9f73-c0d6-3a21-a492-05862e7c02fe
11:10:43.185 logback [restartedMain] INFO  o.s.b.f.a.AutowiredAnnotationBeanPostProcessor - JSR-330 'javax.inject.Inject' annotation found and supported for autowiring
11:10:43.311 logback [restartedMain] INFO  o.s.c.s.PostProcessorRegistrationDelegate$BeanPostProcessorChecker - Bean 'redisCacheConfig' of type [class com.neo.config.RedisCacheConfig$$EnhancerBySpringCGLIB$$985dc70f] is not eligible for getting processed by all BeanPostProcessors (for example: not eligible for auto-proxying)
11:10:43.321 logback [restartedMain] INFO  o.s.c.s.PostProcessorRegistrationDelegate$BeanPostProcessorChecker - Bean 'org.springframework.transaction.annotation.ProxyTransactionManagementConfiguration' of type [class org.springframework.transaction.annotation.ProxyTransactionManagementConfiguration$$EnhancerBySpringCGLIB$$f4631e78] is not eligible for getting processed by all BeanPostProcessors (for example: not eligible for auto-proxying)
11:10:43.391 logback [restartedMain] INFO  o.s.c.s.PostProcessorRegistrationDelegate$BeanPostProcessorChecker - Bean 'org.springframework.cache.annotation.ProxyCachingConfiguration' of type [class org.springframework.cache.annotation.ProxyCachingConfiguration$$EnhancerBySpringCGLIB$$3d755496] is not eligible for getting processed by all BeanPostProcessors (for example: not eligible for auto-proxying)
11:10:43.461 logback [restartedMain] INFO  o.s.c.s.PostProcessorRegistrationDelegate$BeanPostProcessorChecker - Bean 'org.springframework.cloud.autoconfigure.ConfigurationPropertiesRebinderAutoConfiguration' of type [class org.springframework.cloud.autoconfigure.ConfigurationPropertiesRebinderAutoConfiguration$$EnhancerBySpringCGLIB$$107d2175] is not eligible for getting processed by all BeanPostProcessors (for example: not eligible for auto-proxying)
11:10:44.381 logback [restartedMain] INFO  o.s.b.c.e.t.TomcatEmbeddedServletContainer - Tomcat initialized with port(s): 1601 (http)
11:10:44.401 logback [restartedMain] INFO  o.a.catalina.core.StandardService - Starting service Tomcat
11:10:44.401 logback [restartedMain] INFO  o.a.catalina.core.StandardEngine - Starting Servlet Engine: Apache Tomcat/8.5.5
11:10:44.581 logback [localhost-startStop-1] INFO  o.a.c.c.C.[Tomcat].[localhost].[/] - Initializing Spring embedded WebApplicationContext
11:10:44.581 logback [localhost-startStop-1] INFO  o.s.web.context.ContextLoader - Root WebApplicationContext: initialization completed in 7838 ms
11:10:45.122 logback [localhost-startStop-1] INFO  o.s.b.w.s.ServletRegistrationBean - Mapping servlet: 'dispatcherServlet' to [/]
11:10:45.122 logback [localhost-startStop-1] INFO  o.s.b.w.s.ServletRegistrationBean - Mapping servlet: 'com.neo.config.DruidStatViewServlet' to [/druid/*]
11:10:45.132 logback [localhost-startStop-1] INFO  o.s.b.w.s.FilterRegistrationBean - Mapping filter: 'characterEncodingFilter' to: [/*]
11:10:45.152 logback [localhost-startStop-1] INFO  o.s.b.w.s.FilterRegistrationBean - Mapping filter: 'hiddenHttpMethodFilter' to: [/*]
11:10:45.152 logback [localhost-startStop-1] INFO  o.s.b.w.s.FilterRegistrationBean - Mapping filter: 'httpPutFormContentFilter' to: [/*]
11:10:45.152 logback [localhost-startStop-1] INFO  o.s.b.w.s.FilterRegistrationBean - Mapping filter: 'requestContextFilter' to: [/*]
11:10:45.152 logback [localhost-startStop-1] INFO  o.s.b.w.s.FilterRegistrationBean - Mapping filter: 'druidWebStatFilter' to urls: [/*]
11:10:50.394 logback [restartedMain] INFO  o.s.w.s.m.m.a.RequestMappingHandlerAdapter - Looking for @ControllerAdvice: org.springframework.boot.context.embedded.AnnotationConfigEmbeddedWebApplicationContext@792917d1: startup date [Mon Apr 02 11:10:36 GMT+08:00 2018]; parent: org.springframework.context.annotation.AnnotationConfigApplicationContext@24814d91
11:10:50.714 logback [restartedMain] INFO  o.s.w.s.m.m.a.RequestMappingHandlerMapping - Mapped "{[/doctor/register],methods=[POST]}" onto public java.lang.String com.neo.controller.DoctorController.register(java.lang.String,java.lang.String,java.lang.String)
11:10:50.714 logback [restartedMain] INFO  o.s.w.s.m.m.a.RequestMappingHandlerMapping - Mapped "{[/doctor/updatedoctorinfodetails],methods=[POST]}" onto public java.lang.String com.neo.controller.DoctorController.updateDoctorInfoDetails(com.neo.entity.DoctorEntity)
11:10:50.714 logback [restartedMain] INFO  o.s.w.s.m.m.a.RequestMappingHandlerMapping - Mapped "{[/doctor/service]}" onto public java.util.List<com.neo.entity.DoctorServiceEntity> com.neo.controller.DoctorController.findDoctorService(java.lang.String)
11:10:50.714 logback [restartedMain] INFO  o.s.w.s.m.m.a.RequestMappingHandlerMapping - Mapped "{[/doctor/geteventremindunread]}" onto public int com.neo.controller.DoctorController.getEvenRemindUnread(java.lang.String)
11:10:50.714 logback [restartedMain] INFO  o.s.w.s.m.m.a.RequestMappingHandlerMapping - Mapped "{[/doctor/geteventreminddetail]}" onto public com.neo.entity.RemindersEntity com.neo.controller.DoctorController.getEventRemindDetail(int)
11:10:50.714 logback [restartedMain] INFO  o.s.w.s.m.m.a.RequestMappingHandlerMapping - Mapped "{[/doctor/groupsendingdelete]}" onto public java.lang.String com.neo.controller.DoctorController.groupSendingDelete(int)
11:10:50.714 logback [restartedMain] INFO  o.s.w.s.m.m.a.RequestMappingHandlerMapping - Mapped "{[/doctor/getevaluationunread]}" onto public int com.neo.controller.DoctorController.getEvaluationUnread(java.lang.String)
11:10:50.714 logback [restartedMain] INFO  o.s.w.s.m.m.a.RequestMappingHandlerMapping - Mapped "{[/doctor/eventreminddelete],methods=[POST]}" onto public java.lang.String com.neo.controller.DoctorController.eventRemindDelete(int)
11:10:50.714 logback [restartedMain] INFO  o.s.w.s.m.m.a.RequestMappingHandlerMapping - Mapped "{[/doctor/getpatientsbykind],methods=[POST]}" onto public java.util.List<com.neo.entity.PatientEntity> com.neo.controller.DoctorController.getPatientsByKind(java.lang.String,java.lang.String)
11:10:50.714 logback [restartedMain] INFO  o.s.w.s.m.m.a.RequestMappingHandlerMapping - Mapped "{[/doctor/getpatientbylabel],methods=[POST]}" onto public java.util.List<com.neo.entity.PatientEntity> com.neo.controller.DoctorController.getPatientsByLabel(java.lang.String,java.lang.String)
11:10:50.714 logback [restartedMain] INFO  o.s.w.s.m.m.a.RequestMappingHandlerMapping - Mapped "{[/doctor/updateintroduction],methods=[POST]}" onto public java.lang.String com.neo.controller.DoctorController.updateIntroduction(java.lang.String,java.lang.String,java.lang.String)
11:10:50.714 logback [restartedMain] INFO  o.s.w.s.m.m.a.RequestMappingHandlerMapping - Mapped "{[/doctor/groupsendinghistory]}" onto public java.util.List<com.neo.entity.DoctorGroupSendingEntity> com.neo.controller.DoctorController.groupSendingHistory(java.lang.String)
11:10:50.714 logback [restartedMain] INFO  o.s.w.s.m.m.a.RequestMappingHandlerMapping - Mapped "{[/doctor/deletepatientlabel],methods=[POST]}" onto public java.lang.String com.neo.controller.DoctorController.deleteLabelPatient(java.lang.String,java.lang.String,java.lang.String)
11:10:50.714 logback [restartedMain] INFO  o.s.w.s.m.m.a.RequestMappingHandlerMapping - Mapped "{[/doctor/getevaluationdetail],methods=[POST]}" onto public com.neo.entity.EvaluationEntity com.neo.controller.DoctorController.getEvaluationDetail(int)
11:10:50.714 logback [restartedMain] INFO  o.s.w.s.m.m.a.RequestMappingHandlerMapping - Mapped "{[/doctor/selectphonetoken]}" onto public java.lang.String com.neo.controller.DoctorController.selectPhonetoken(java.lang.String)
11:10:50.714 logback [restartedMain] INFO  o.s.w.s.m.m.a.RequestMappingHandlerMapping - Mapped "{[/doctor/selecttoken],methods=[GET]}" onto public java.lang.String com.neo.controller.DoctorController.selectToken(java.lang.String)
11:10:50.714 logback [restartedMain] INFO  o.s.w.s.m.m.a.RequestMappingHandlerMapping - Mapped "{[/doctor/savephonetoken]}" onto public java.lang.String com.neo.controller.DoctorController.savePhonetoken(java.lang.String,java.lang.String)
11:10:50.724 logback [restartedMain] INFO  o.s.w.s.m.m.a.RequestMappingHandlerMapping - Mapped "{[/doctor/deletetoken]}" onto public void com.neo.controller.DoctorController.deleteToken(java.lang.String)
11:10:50.724 logback [restartedMain] INFO  o.s.w.s.m.m.a.RequestMappingHandlerMapping - Mapped "{[/doctor/updatetoken]}" onto public java.lang.String com.neo.controller.DoctorController.updateToken(java.lang.String,java.lang.String)
11:10:50.724 logback [restartedMain] INFO  o.s.w.s.m.m.a.RequestMappingHandlerMapping - Mapped "{[/doctor/updatepwd],methods=[POST]}" onto public java.lang.String com.neo.controller.DoctorController.updatePassword(java.lang.String,java.lang.String)
11:10:50.724 logback [restartedMain] INFO  o.s.w.s.m.m.a.RequestMappingHandlerMapping - Mapped "{[/doctor/software/get],methods=[GET]}" onto public com.neo.entity.SoftwareEntity com.neo.controller.DoctorController.getSoftware()
11:10:50.724 logback [restartedMain] INFO  o.s.w.s.m.m.a.RequestMappingHandlerMapping - Mapped "{[/doctor/getpatient],methods=[GET]}" onto public com.neo.entity.PatientEntity com.neo.controller.DoctorController.getPatient(java.lang.String)
11:10:50.724 logback [restartedMain] INFO  o.s.w.s.m.m.a.RequestMappingHandlerMapping - Mapped "{[/doctor/findall]}" onto public java.util.List<com.neo.entity.DoctorEntity> com.neo.controller.DoctorController.findAllDoctor()
11:10:50.724 logback [restartedMain] INFO  o.s.w.s.m.m.a.RequestMappingHandlerMapping - Mapped "{[/doctor/updatehead],methods=[POST]}" onto public void com.neo.controller.DoctorController.updateHead(java.lang.String,java.lang.String)
11:10:50.724 logback [restartedMain] INFO  o.s.w.s.m.m.a.RequestMappingHandlerMapping - Mapped "{[/doctor/deleteevaluation],methods=[POST]}" onto public java.lang.String com.neo.controller.DoctorController.deleteEvaluation(int)
11:10:50.724 logback [restartedMain] INFO  o.s.w.s.m.m.a.RequestMappingHandlerMapping - Mapped "{[/doctor/groupsending],methods=[POST]}" onto public java.util.List<com.neo.entity.PatientGroupReceivingEntity> com.neo.controller.DoctorController.groupSending(com.neo.entity.DoctorGroupSendingEntity)
11:10:50.724 logback [restartedMain] INFO  o.s.w.s.m.m.a.RequestMappingHandlerMapping - Mapped "{[/doctor/loginverify]}" onto public java.lang.Boolean com.neo.controller.DoctorController.loginVerify(java.lang.String,java.lang.String)
11:10:50.724 logback [restartedMain] INFO  o.s.w.s.m.m.a.RequestMappingHandlerMapping - Mapped "{[/doctor/findbyphone]}" onto public com.neo.entity.DoctorEntity com.neo.controller.DoctorController.selectByPhone(java.lang.String)
11:10:50.724 logback [restartedMain] INFO  o.s.w.s.m.m.a.RequestMappingHandlerMapping - Mapped "{[/doctor/getevaluation],methods=[GET]}" onto public java.util.List<com.neo.entity.EvaluationEntity> com.neo.controller.DoctorController.getEvaluation(java.lang.String)
11:10:50.724 logback [restartedMain] INFO  o.s.w.s.m.m.a.RequestMappingHandlerMapping - Mapped "{[/doctor/geteventremind]}" onto public java.util.List<com.neo.entity.RemindersEntity> com.neo.controller.DoctorController.getEventRemind(java.lang.String)
11:10:50.724 logback [restartedMain] INFO  o.s.w.s.m.m.a.RequestMappingHandlerMapping - Mapped "{[/doctor/suggestion/add],methods=[POST]}" onto public java.lang.String com.neo.controller.DoctorController.addSuggestion(com.neo.entity.SuggestionEntity)
11:10:50.724 logback [restartedMain] INFO  o.s.w.s.m.m.a.RequestMappingHandlerMapping - Mapped "{[/doctor/getlabel],methods=[POST]}" onto public java.lang.String com.neo.controller.DoctorController.getLabel(java.lang.String)
11:10:50.724 logback [restartedMain] INFO  o.s.w.s.m.m.a.RequestMappingHandlerMapping - Mapped "{[/doctor/addpatientlabel],methods=[POST]}" onto public java.lang.String com.neo.controller.DoctorController.addPatientLabel(java.lang.String,java.lang.String,java.lang.String)
11:10:50.724 logback [restartedMain] INFO  o.s.w.s.m.m.a.RequestMappingHandlerMapping - Mapped "{[/doctor/deletelabel],methods=[POST]}" onto public java.lang.String com.neo.controller.DoctorController.deleteLabel(java.lang.String,java.lang.String,java.lang.String)
11:10:50.724 logback [restartedMain] INFO  o.s.w.s.m.m.a.RequestMappingHandlerMapping - Mapped "{[/healthmanage/savebloodpressuretable]}" onto public java.lang.String com.neo.controller.HealthController.saveBloodPressureTable(com.neo.entity.BloodPressureEntity)
11:10:50.724 logback [restartedMain] INFO  o.s.w.s.m.m.a.RequestMappingHandlerMapping - Mapped "{[/healthmanage/getbloodpressuretable]}" onto public java.util.List<com.neo.entity.BloodPressureEntity> com.neo.controller.HealthController.getBloodPressureTable(java.lang.String,int,java.lang.String)
11:10:50.724 logback [restartedMain] INFO  o.s.w.s.m.m.a.RequestMappingHandlerMapping - Mapped "{[/healthmanage/deletecardiogram],methods=[POST]}" onto public java.lang.String com.neo.controller.HealthController.deleteCardiogramById(int)
11:10:50.724 logback [restartedMain] INFO  o.s.w.s.m.m.a.RequestMappingHandlerMapping - Mapped "{[/healthmanage/message/unread/getnumber]}" onto public int com.neo.controller.HealthController.getMessageUnreadNumber(java.lang.String)
11:10:50.724 logback [restartedMain] INFO  o.s.w.s.m.m.a.RequestMappingHandlerMapping - Mapped "{[/healthmanage/report/getbycount]}" onto public com.neo.entity.RiskReportEntity com.neo.controller.HealthController.getRiskReportByCount(java.lang.String,int)
11:10:50.724 logback [restartedMain] INFO  o.s.w.s.m.m.a.RequestMappingHandlerMapping - Mapped "{[/healthmanage/definemessage/setread]}" onto public java.lang.String com.neo.controller.HealthController.setDefineMessageRead(int)
11:10:50.724 logback [restartedMain] INFO  o.s.w.s.m.m.a.RequestMappingHandlerMapping - Mapped "{[/healthmanage/savecardiogramtable]}" onto public java.lang.String com.neo.controller.HealthController.saveCardiogramTable(com.neo.entity.CardiogramEntity)
11:10:50.724 logback [restartedMain] INFO  o.s.w.s.m.m.a.RequestMappingHandlerMapping - Mapped "{[/healthmanage/findcardiogramtable]}" onto public java.util.List<com.neo.entity.CardiogramEntity> com.neo.controller.HealthController.findCardiogramTable(java.lang.String)
11:10:50.734 logback [restartedMain] INFO  o.s.w.s.m.m.a.RequestMappingHandlerMapping - Mapped "{[/healthmanage/definemessage/getbyid]}" onto public com.neo.entity.DefinitionMessageEntity com.neo.controller.HealthController.getDefineMsgGetById(int)
11:10:50.734 logback [restartedMain] INFO  o.s.w.s.m.m.a.RequestMappingHandlerMapping - Mapped "{[/healthmanage/savemessageremind]}" onto public java.lang.String com.neo.controller.HealthController.saveMessageRemind(com.neo.entity.MessageRemindEntity)
11:10:50.734 logback [restartedMain] INFO  o.s.w.s.m.m.a.RequestMappingHandlerMapping - Mapped "{[/healthmanage/definemessage/delete]}" onto public java.lang.String com.neo.controller.HealthController.deleteDefineMsgById(int)
11:10:50.734 logback [restartedMain] INFO  o.s.w.s.m.m.a.RequestMappingHandlerMapping - Mapped "{[/healthmanage/definemessage/unread/getnumber]}" onto public int com.neo.controller.HealthController.getDefineMsgUnreadNumber(java.lang.String)
11:10:50.734 logback [restartedMain] INFO  o.s.w.s.m.m.a.RequestMappingHandlerMapping - Mapped "{[/healthmanage/savehealthtable]}" onto public java.lang.String com.neo.controller.HealthController.saveHealthTable(com.neo.entity.HealthCheckEntity)
11:10:50.734 logback [restartedMain] INFO  o.s.w.s.m.m.a.RequestMappingHandlerMapping - Mapped "{[/healthmanage/getbiologyinfo]}" onto public com.neo.entity.BiologyCheckEntity com.neo.controller.HealthController.getBiologyInfo(java.lang.String)
11:10:50.734 logback [restartedMain] INFO  o.s.w.s.m.m.a.RequestMappingHandlerMapping - Mapped "{[/healthmanage/message/setread]}" onto public java.lang.String com.neo.controller.HealthController.setMessageRead(int)
11:10:50.734 logback [restartedMain] INFO  o.s.w.s.m.m.a.RequestMappingHandlerMapping - Mapped "{[/healthmanage/savebiologytable]}" onto public java.lang.String com.neo.controller.HealthController.saveBiologyTable(com.neo.entity.BiologyCheckEntity)
11:10:50.734 logback [restartedMain] INFO  o.s.w.s.m.m.a.RequestMappingHandlerMapping - Mapped "{[/healthmanage/report/generate],methods=[POST]}" onto public java.lang.String com.neo.controller.HealthController.saveReport(java.lang.String)
11:10:50.734 logback [restartedMain] INFO  o.s.w.s.m.m.a.RequestMappingHandlerMapping - Mapped "{[/healthmanage/report/getall]}" onto public java.util.List<com.neo.entity.RiskReportEntity> com.neo.controller.HealthController.getAllReport(java.lang.String)
11:10:50.734 logback [restartedMain] INFO  o.s.w.s.m.m.a.RequestMappingHandlerMapping - Mapped "{[/healthmanage/getreportnumber]}" onto public java.lang.Integer com.neo.controller.HealthController.getReportNumber()
11:10:50.734 logback [restartedMain] INFO  o.s.w.s.m.m.a.RequestMappingHandlerMapping - Mapped "{[/healthmanage/message/getbyid]}" onto public com.neo.entity.MessageRemindEntity com.neo.controller.HealthController.messageGetById(int)
11:10:50.734 logback [restartedMain] INFO  o.s.w.s.m.m.a.RequestMappingHandlerMapping - Mapped "{[/healthmanage/definemessage],methods=[POST]}" onto public java.lang.String com.neo.controller.HealthController.defineMessage(com.neo.entity.DefinitionMessageEntity)
11:10:50.734 logback [restartedMain] INFO  o.s.w.s.m.m.a.RequestMappingHandlerMapping - Mapped "{[/healthmanage/definemessage/get]}" onto public java.util.List<com.neo.entity.DefinitionMessageEntity> com.neo.controller.HealthController.getDefineMsg(java.lang.String)
11:10:50.734 logback [restartedMain] INFO  o.s.w.s.m.m.a.RequestMappingHandlerMapping - Mapped "{[/healthmanage/getnewestreport]}" onto public com.neo.entity.RiskReportEntity com.neo.controller.HealthController.getNewestReport(java.lang.String)
11:10:50.734 logback [restartedMain] INFO  o.s.w.s.m.m.a.RequestMappingHandlerMapping - Mapped "{[/healthmanage/gethealthtable]}" onto public com.neo.entity.HealthCheckEntity com.neo.controller.HealthController.getHealthTable(java.lang.String)
11:10:50.734 logback [restartedMain] INFO  o.s.w.s.m.m.a.RequestMappingHandlerMapping - Mapped "{[/healthmanage/bloodpressuretable/find]}" onto public java.lang.String com.neo.controller.HealthController.Findbloodhistory(java.lang.String)
11:10:50.734 logback [restartedMain] INFO  o.s.w.s.m.m.a.RequestMappingHandlerMapping - Mapped "{[/healthmanage/message/getunread]}" onto public java.util.List<com.neo.entity.MessageListEntity> com.neo.controller.HealthController.getMessageUnread(java.lang.String)
11:10:50.734 logback [restartedMain] INFO  o.s.w.s.m.m.a.RequestMappingHandlerMapping - Mapped "{[/patient/updatepatient],methods=[POST]}" onto public com.neo.entity.PatientEntity com.neo.controller.PatientController.update(com.neo.entity.PatientEntity)
11:10:50.734 logback [restartedMain] INFO  o.s.w.s.m.m.a.RequestMappingHandlerMapping - Mapped "{[/patient/messageboard/getpatientnewestmessage]}" onto public java.util.List<com.neo.entity.MessageBoardEntity> com.neo.controller.PatientController.getPatientNewestMessageBoards(java.lang.String)
11:10:50.734 logback [restartedMain] INFO  o.s.w.s.m.m.a.RequestMappingHandlerMapping - Mapped "{[/patient/messageboard/getdoctornewestmessage]}" onto public java.util.List<com.neo.entity.MessageBoardEntity> com.neo.controller.PatientController.getNewestMessageBoards(java.lang.String)
11:10:50.734 logback [restartedMain] INFO  o.s.w.s.m.m.a.RequestMappingHandlerMapping - Mapped "{[/patient/groupreceiving/unread]}" onto public int com.neo.controller.PatientController.getGroupReceivingUnread(java.lang.String)
11:10:50.734 logback [restartedMain] INFO  o.s.w.s.m.m.a.RequestMappingHandlerMapping - Mapped "{[/patient/groupreceiving/delete],methods=[POST]}" onto public java.lang.String com.neo.controller.PatientController.deleteGroupReceiving(int)
11:10:50.734 logback [restartedMain] INFO  o.s.w.s.m.m.a.RequestMappingHandlerMapping - Mapped "{[/patient/groupreceiving/setread],methods=[POST]}" onto public java.lang.String com.neo.controller.PatientController.setGroupReceivingRead(int)
11:10:50.744 logback [restartedMain] INFO  o.s.w.s.m.m.a.RequestMappingHandlerMapping - Mapped "{[/patient/groupreceiving/get],methods=[GET]}" onto public com.neo.entity.PatientGroupReceivingEntity com.neo.controller.PatientController.getGroupReceiving(int)
11:10:50.744 logback [restartedMain] INFO  o.s.w.s.m.m.a.RequestMappingHandlerMapping - Mapped "{[/patient/messageboard/getonemessage]}" onto public java.util.List<com.neo.entity.MessageBoardEntity> com.neo.controller.PatientController.getOneMessageBoardAndReply(int,int)
11:10:50.744 logback [restartedMain] INFO  o.s.w.s.m.m.a.RequestMappingHandlerMapping - Mapped "{[/patient/messageboard/delete],methods=[POST]}" onto public java.lang.String com.neo.controller.PatientController.deletePatientMessageBoard(int,int)
11:10:50.744 logback [restartedMain] INFO  o.s.w.s.m.m.a.RequestMappingHandlerMapping - Mapped "{[/patient/groupreceiving/list]}" onto public java.util.List<com.neo.entity.PatientGroupReceivingEntity> com.neo.controller.PatientController.getPatientGroupReceiving(java.lang.String)
11:10:50.744 logback [restartedMain] INFO  o.s.w.s.m.m.a.RequestMappingHandlerMapping - Mapped "{[/patient/buyservice]}" onto public java.lang.String com.neo.controller.PatientController.buyService(java.lang.String,java.lang.String,java.util.List<java.lang.Integer>)
11:10:50.744 logback [restartedMain] INFO  o.s.w.s.m.m.a.RequestMappingHandlerMapping - Mapped "{[/patient/messageboard/set],methods=[POST]}" onto public java.lang.String com.neo.controller.PatientController.setMessageBoard(com.neo.entity.MessageBoardEntity)
11:10:50.744 logback [restartedMain] INFO  o.s.w.s.m.m.a.RequestMappingHandlerMapping - Mapped "{[/patient/findbywechatid]}" onto public com.neo.entity.PatientEntity com.neo.controller.PatientController.selectById(java.lang.String)
11:10:50.744 logback [restartedMain] INFO  o.s.w.s.m.m.a.RequestMappingHandlerMapping - Mapped "{[/patient/findmyservice]}" onto public java.util.List<com.neo.entity.PurchasedServiceEntity> com.neo.controller.PatientController.findMyService(java.lang.String)
11:10:50.744 logback [restartedMain] INFO  o.s.w.s.m.m.a.RequestMappingHandlerMapping - Mapped "{[/patient/findmydoctor]}" onto public java.lang.String com.neo.controller.PatientController.findMyDoctor(java.lang.String)
11:10:50.744 logback [restartedMain] INFO  o.s.w.s.m.m.a.RequestMappingHandlerMapping - Mapped "{[/patient/savedetail],methods=[POST]}" onto public com.neo.entity.PatientEntity com.neo.controller.PatientController.savePatient(com.neo.entity.PatientEntity)
11:10:50.744 logback [restartedMain] INFO  o.s.w.s.m.m.a.RequestMappingHandlerMapping - Mapped "{[/patient/evaluate]}" onto public java.lang.String com.neo.controller.PatientController.evaluateDoctor(com.neo.entity.EvaluationEntity)
11:10:50.744 logback [restartedMain] INFO  o.s.w.s.m.m.a.RequestMappingHandlerMapping - Mapped "{[/patient/contact/suggest],methods=[POST]}" onto public java.lang.String com.neo.controller.PatientController.suggest(com.neo.entity.SuggestionEntity)
11:10:50.744 logback [restartedMain] INFO  o.s.w.s.m.m.a.RequestMappingHandlerMapping - Mapped "{[/patient/watchdoctor],methods=[POST]}" onto public java.lang.String com.neo.controller.PatientController.watchDoctor(java.lang.String,java.lang.String)
11:10:50.744 logback [restartedMain] INFO  o.s.w.s.m.m.a.RequestMappingHandlerMapping - Mapped "{[/service/findboughtbyid]}" onto public com.neo.entity.PurchasedServiceEntity com.neo.controller.ServiceController.findBoughtService(java.lang.Integer)
11:10:50.744 logback [restartedMain] INFO  o.s.w.s.m.m.a.RequestMappingHandlerMapping - Mapped "{[/service/findbylist]}" onto public java.util.List<com.neo.entity.ServiceEntity> com.neo.controller.ServiceController.findServiceList(java.util.List<java.lang.Integer>)
11:10:50.744 logback [restartedMain] INFO  o.s.w.s.m.m.a.RequestMappingHandlerMapping - Mapped "{[/service/findbyid]}" onto public com.neo.entity.ServiceEntity com.neo.controller.ServiceController.findService(java.lang.Integer)
11:10:50.744 logback [restartedMain] INFO  o.s.w.s.m.m.a.RequestMappingHandlerMapping - Mapped "{[/error]}" onto public org.springframework.http.ResponseEntity<java.util.Map<java.lang.String, java.lang.Object>> org.springframework.boot.autoconfigure.web.BasicErrorController.error(javax.servlet.http.HttpServletRequest)
11:10:50.744 logback [restartedMain] INFO  o.s.w.s.m.m.a.RequestMappingHandlerMapping - Mapped "{[/error],produces=[text/html]}" onto public org.springframework.web.servlet.ModelAndView org.springframework.boot.autoconfigure.web.BasicErrorController.errorHtml(javax.servlet.http.HttpServletRequest,javax.servlet.http.HttpServletResponse)
11:10:50.824 logback [restartedMain] INFO  o.s.w.s.h.SimpleUrlHandlerMapping - Mapped URL path [/webjars/**] onto handler of type [class org.springframework.web.servlet.resource.ResourceHttpRequestHandler]
11:10:50.824 logback [restartedMain] INFO  o.s.w.s.h.SimpleUrlHandlerMapping - Mapped URL path [/**] onto handler of type [class org.springframework.web.servlet.resource.ResourceHttpRequestHandler]
11:10:50.974 logback [restartedMain] INFO  o.s.w.s.h.SimpleUrlHandlerMapping - Mapped URL path [/**/favicon.ico] onto handler of type [class org.springframework.web.servlet.resource.ResourceHttpRequestHandler]
11:10:51.956 logback [restartedMain] WARN  o.s.b.d.a.OptionalLiveReloadServer - Unable to start LiveReload server
11:10:52.164 logback [restartedMain] WARN  c.n.c.sources.URLConfigurationSource - No URLs will be polled as dynamic configuration sources.
11:10:52.164 logback [restartedMain] INFO  c.n.c.sources.URLConfigurationSource - To enable URLs as dynamic configuration sources, define System property archaius.configurationSource.additionalUrls or make config.properties available on classpath.
11:10:52.174 logback [restartedMain] WARN  c.n.c.sources.URLConfigurationSource - No URLs will be polled as dynamic configuration sources.
11:10:52.174 logback [restartedMain] INFO  c.n.c.sources.URLConfigurationSource - To enable URLs as dynamic configuration sources, define System property archaius.configurationSource.additionalUrls or make config.properties available on classpath.
11:10:52.334 logback [restartedMain] INFO  o.s.j.e.a.AnnotationMBeanExporter - Registering beans for JMX exposure on startup
11:10:52.334 logback [restartedMain] INFO  o.s.j.e.a.AnnotationMBeanExporter - Bean with name 'druidDataSource' has been autodetected for JMX exposure
11:10:52.344 logback [restartedMain] INFO  o.s.j.e.a.AnnotationMBeanExporter - Bean with name 'environmentManager' has been autodetected for JMX exposure
11:10:52.354 logback [restartedMain] INFO  o.s.j.e.a.AnnotationMBeanExporter - Bean with name 'configurationPropertiesRebinder' has been autodetected for JMX exposure
11:10:52.354 logback [restartedMain] INFO  o.s.j.e.a.AnnotationMBeanExporter - Bean with name 'refreshScope' has been autodetected for JMX exposure
11:10:52.354 logback [restartedMain] INFO  o.s.j.e.a.AnnotationMBeanExporter - Located managed bean 'environmentManager': registering with JMX server as MBean [org.springframework.cloud.context.environment:name=environmentManager,type=EnvironmentManager]
11:10:52.374 logback [restartedMain] INFO  o.s.j.e.a.AnnotationMBeanExporter - Located managed bean 'refreshScope': registering with JMX server as MBean [org.springframework.cloud.context.scope.refresh:name=refreshScope,type=RefreshScope]
11:10:52.404 logback [restartedMain] INFO  o.s.j.e.a.AnnotationMBeanExporter - Located managed bean 'configurationPropertiesRebinder': registering with JMX server as MBean [org.springframework.cloud.context.properties:name=configurationPropertiesRebinder,context=792917d1,type=ConfigurationPropertiesRebinder]
11:10:52.414 logback [restartedMain] INFO  o.s.j.e.a.AnnotationMBeanExporter - Located MBean 'druidDataSource': registering with JMX server as MBean [com.alibaba.druid.pool:name=druidDataSource,type=DruidDataSource]
11:10:53.884 logback [restartedMain] INFO  o.s.c.s.DefaultLifecycleProcessor - Starting beans in phase 0
11:10:53.904 logback [restartedMain] INFO  o.s.c.n.eureka.InstanceInfoFactory - Setting initial instance status as: STARTING
11:10:53.974 logback [restartedMain] INFO  c.netflix.discovery.DiscoveryClient - Initializing Eureka in region us-east-1
11:10:54.159 logback [restartedMain] INFO  c.n.d.p.DiscoveryJerseyProvider - Using JSON encoding codec LegacyJacksonJson
11:10:54.159 logback [restartedMain] INFO  c.n.d.p.DiscoveryJerseyProvider - Using JSON decoding codec LegacyJacksonJson
11:10:54.309 logback [restartedMain] INFO  c.n.d.p.DiscoveryJerseyProvider - Using XML encoding codec XStreamXml
11:10:54.309 logback [restartedMain] INFO  c.n.d.p.DiscoveryJerseyProvider - Using XML decoding codec XStreamXml
11:10:54.616 logback [restartedMain] INFO  c.n.d.s.r.aws.ConfigClusterResolver - Resolving eureka endpoints via configuration
11:10:54.826 logback [restartedMain] INFO  c.netflix.discovery.DiscoveryClient - Disable delta property : false
11:10:54.826 logback [restartedMain] INFO  c.netflix.discovery.DiscoveryClient - Single vip registry refresh property : null
11:10:54.826 logback [restartedMain] INFO  c.netflix.discovery.DiscoveryClient - Force full registry fetch : false
11:10:54.826 logback [restartedMain] INFO  c.netflix.discovery.DiscoveryClient - Application is null : false
11:10:54.826 logback [restartedMain] INFO  c.netflix.discovery.DiscoveryClient - Registered Applications size is zero : true
11:10:54.826 logback [restartedMain] INFO  c.netflix.discovery.DiscoveryClient - Application version is -1: true
11:10:54.826 logback [restartedMain] INFO  c.netflix.discovery.DiscoveryClient - Getting all instance registry info from the eureka server
11:10:55.133 logback [restartedMain] INFO  c.netflix.discovery.DiscoveryClient - The response status is 200
11:10:55.135 logback [restartedMain] INFO  c.netflix.discovery.DiscoveryClient - Starting heartbeat executor: renew interval is: 10
11:10:55.138 logback [restartedMain] INFO  c.n.discovery.InstanceInfoReplicator - InstanceInfoReplicator onDemand update allowed rate per min is 4
11:10:55.138 logback [restartedMain] INFO  c.netflix.discovery.DiscoveryClient - Discovery Client initialized at timestamp 1522638655138 with initial instances count: 1
11:10:55.178 logback [restartedMain] INFO  o.s.c.n.e.s.EurekaServiceRegistry - Registering application microservice-jiayibilin-mySql with eureka with status UP
11:10:55.178 logback [restartedMain] INFO  c.netflix.discovery.DiscoveryClient - Saw local status change event StatusChangeEvent [timestamp=1522638655178, current=UP, previous=STARTING]
11:10:55.178 logback [DiscoveryClient-InstanceInfoReplicator-0] INFO  c.netflix.discovery.DiscoveryClient - DiscoveryClient_MICROSERVICE-JIAYIBILIN-MYSQL/125.216.243.89:1601: registering service...
11:10:55.198 logback [restartedMain] INFO  o.s.s.a.ScheduledAnnotationBeanPostProcessor - No TaskScheduler/ScheduledExecutorService bean found for scheduled processing
11:10:55.208 logback [restartedMain] INFO  o.a.coyote.http11.Http11NioProtocol - Initializing ProtocolHandler ["http-nio-1601"]
11:10:55.228 logback [restartedMain] INFO  o.a.coyote.http11.Http11NioProtocol - Starting ProtocolHandler [http-nio-1601]
11:10:55.238 logback [DiscoveryClient-InstanceInfoReplicator-0] INFO  c.netflix.discovery.DiscoveryClient - DiscoveryClient_MICROSERVICE-JIAYIBILIN-MYSQL/125.216.243.89:1601 - registration status: 204
11:10:55.248 logback [restartedMain] INFO  o.a.tomcat.util.net.NioSelectorPool - Using a shared selector for servlet write/read
11:10:55.268 logback [restartedMain] INFO  o.s.b.c.e.t.TomcatEmbeddedServletContainer - Tomcat started on port(s): 1601 (http)
11:10:55.268 logback [restartedMain] INFO  o.s.c.n.e.s.EurekaAutoServiceRegistration - Updating port to 1601
11:10:55.278 logback [restartedMain] INFO  com.neo.Application - Started Application in 23.039 seconds (JVM running for 25.531)
11:15:54.832 logback [AsyncResolver-bootstrap-executor-0] INFO  c.n.d.s.r.aws.ConfigClusterResolver - Resolving eureka endpoints via configuration
11:20:54.835 logback [AsyncResolver-bootstrap-executor-0] INFO  c.n.d.s.r.aws.ConfigClusterResolver - Resolving eureka endpoints via configuration
11:25:54.836 logback [AsyncResolver-bootstrap-executor-0] INFO  c.n.d.s.r.aws.ConfigClusterResolver - Resolving eureka endpoints via configuration
11:30:54.838 logback [AsyncResolver-bootstrap-executor-0] INFO  c.n.d.s.r.aws.ConfigClusterResolver - Resolving eureka endpoints via configuration
11:35:54.840 logback [AsyncResolver-bootstrap-executor-0] INFO  c.n.d.s.r.aws.ConfigClusterResolver - Resolving eureka endpoints via configuration
11:40:54.841 logback [AsyncResolver-bootstrap-executor-0] INFO  c.n.d.s.r.aws.ConfigClusterResolver - Resolving eureka endpoints via configuration
11:45:54.842 logback [AsyncResolver-bootstrap-executor-0] INFO  c.n.d.s.r.aws.ConfigClusterResolver - Resolving eureka endpoints via configuration
11:50:54.843 logback [AsyncResolver-bootstrap-executor-0] INFO  c.n.d.s.r.aws.ConfigClusterResolver - Resolving eureka endpoints via configuration
11:55:54.843 logback [AsyncResolver-bootstrap-executor-0] INFO  c.n.d.s.r.aws.ConfigClusterResolver - Resolving eureka endpoints via configuration
12:00:01.063 logback [pool-8-thread-1] INFO  c.alibaba.druid.pool.DruidDataSource - {dataSource-1} inited
12:00:01.274 logback [pool-8-thread-1] INFO  c.neo.controller.ScheduleController - 成功更新过期服务包
12:00:54.846 logback [AsyncResolver-bootstrap-executor-0] INFO  c.n.d.s.r.aws.ConfigClusterResolver - Resolving eureka endpoints via configuration
12:05:54.847 logback [AsyncResolver-bootstrap-executor-0] INFO  c.n.d.s.r.aws.ConfigClusterResolver - Resolving eureka endpoints via configuration
12:10:54.848 logback [AsyncResolver-bootstrap-executor-0] INFO  c.n.d.s.r.aws.ConfigClusterResolver - Resolving eureka endpoints via configuration
12:15:54.851 logback [AsyncResolver-bootstrap-executor-0] INFO  c.n.d.s.r.aws.ConfigClusterResolver - Resolving eureka endpoints via configuration
12:20:54.852 logback [AsyncResolver-bootstrap-executor-0] INFO  c.n.d.s.r.aws.ConfigClusterResolver - Resolving eureka endpoints via configuration
12:25:54.854 logback [AsyncResolver-bootstrap-executor-0] INFO  c.n.d.s.r.aws.ConfigClusterResolver - Resolving eureka endpoints via configuration
12:30:54.855 logback [AsyncResolver-bootstrap-executor-0] INFO  c.n.d.s.r.aws.ConfigClusterResolver - Resolving eureka endpoints via configuration
12:35:54.857 logback [AsyncResolver-bootstrap-executor-0] INFO  c.n.d.s.r.aws.ConfigClusterResolver - Resolving eureka endpoints via configuration
12:40:54.859 logback [AsyncResolver-bootstrap-executor-0] INFO  c.n.d.s.r.aws.ConfigClusterResolver - Resolving eureka endpoints via configuration
12:45:54.861 logback [AsyncResolver-bootstrap-executor-0] INFO  c.n.d.s.r.aws.ConfigClusterResolver - Resolving eureka endpoints via configuration
12:50:54.863 logback [AsyncResolver-bootstrap-executor-0] INFO  c.n.d.s.r.aws.ConfigClusterResolver - Resolving eureka endpoints via configuration
12:55:54.865 logback [AsyncResolver-bootstrap-executor-0] INFO  c.n.d.s.r.aws.ConfigClusterResolver - Resolving eureka endpoints via configuration
13:00:00.021 logback [pool-8-thread-1] INFO  c.neo.controller.ScheduleController - 成功更新过期服务包
13:00:54.866 logback [AsyncResolver-bootstrap-executor-0] INFO  c.n.d.s.r.aws.ConfigClusterResolver - Resolving eureka endpoints via configuration
13:05:54.868 logback [AsyncResolver-bootstrap-executor-0] INFO  c.n.d.s.r.aws.ConfigClusterResolver - Resolving eureka endpoints via configuration
13:10:54.871 logback [AsyncResolver-bootstrap-executor-0] INFO  c.n.d.s.r.aws.ConfigClusterResolver - Resolving eureka endpoints via configuration
13:15:54.872 logback [AsyncResolver-bootstrap-executor-0] INFO  c.n.d.s.r.aws.ConfigClusterResolver - Resolving eureka endpoints via configuration
13:20:54.873 logback [AsyncResolver-bootstrap-executor-0] INFO  c.n.d.s.r.aws.ConfigClusterResolver - Resolving eureka endpoints via configuration
13:25:54.875 logback [AsyncResolver-bootstrap-executor-0] INFO  c.n.d.s.r.aws.ConfigClusterResolver - Resolving eureka endpoints via configuration
13:30:54.878 logback [AsyncResolver-bootstrap-executor-0] INFO  c.n.d.s.r.aws.ConfigClusterResolver - Resolving eureka endpoints via configuration
13:35:54.878 logback [AsyncResolver-bootstrap-executor-0] INFO  c.n.d.s.r.aws.ConfigClusterResolver - Resolving eureka endpoints via configuration
13:40:54.881 logback [AsyncResolver-bootstrap-executor-0] INFO  c.n.d.s.r.aws.ConfigClusterResolver - Resolving eureka endpoints via configuration
13:45:54.883 logback [AsyncResolver-bootstrap-executor-0] INFO  c.n.d.s.r.aws.ConfigClusterResolver - Resolving eureka endpoints via configuration
13:50:54.886 logback [AsyncResolver-bootstrap-executor-0] INFO  c.n.d.s.r.aws.ConfigClusterResolver - Resolving eureka endpoints via configuration
13:55:54.887 logback [AsyncResolver-bootstrap-executor-0] INFO  c.n.d.s.r.aws.ConfigClusterResolver - Resolving eureka endpoints via configuration
14:00:00.019 logback [pool-8-thread-1] INFO  c.neo.controller.ScheduleController - 成功更新过期服务包
14:00:54.888 logback [AsyncResolver-bootstrap-executor-0] INFO  c.n.d.s.r.aws.ConfigClusterResolver - Resolving eureka endpoints via configuration
14:05:54.890 logback [AsyncResolver-bootstrap-executor-0] INFO  c.n.d.s.r.aws.ConfigClusterResolver - Resolving eureka endpoints via configuration
14:10:54.891 logback [AsyncResolver-bootstrap-executor-0] INFO  c.n.d.s.r.aws.ConfigClusterResolver - Resolving eureka endpoints via configuration
14:15:54.892 logback [AsyncResolver-bootstrap-executor-0] INFO  c.n.d.s.r.aws.ConfigClusterResolver - Resolving eureka endpoints via configuration
14:20:54.893 logback [AsyncResolver-bootstrap-executor-0] INFO  c.n.d.s.r.aws.ConfigClusterResolver - Resolving eureka endpoints via configuration
14:25:54.895 logback [AsyncResolver-bootstrap-executor-0] INFO  c.n.d.s.r.aws.ConfigClusterResolver - Resolving eureka endpoints via configuration
14:30:54.898 logback [AsyncResolver-bootstrap-executor-0] INFO  c.n.d.s.r.aws.ConfigClusterResolver - Resolving eureka endpoints via configuration
14:35:54.900 logback [AsyncResolver-bootstrap-executor-0] INFO  c.n.d.s.r.aws.ConfigClusterResolver - Resolving eureka endpoints via configuration
14:40:54.902 logback [AsyncResolver-bootstrap-executor-0] INFO  c.n.d.s.r.aws.ConfigClusterResolver - Resolving eureka endpoints via configuration
14:45:54.903 logback [AsyncResolver-bootstrap-executor-0] INFO  c.n.d.s.r.aws.ConfigClusterResolver - Resolving eureka endpoints via configuration
14:50:54.904 logback [AsyncResolver-bootstrap-executor-0] INFO  c.n.d.s.r.aws.ConfigClusterResolver - Resolving eureka endpoints via configuration
14:55:54.905 logback [AsyncResolver-bootstrap-executor-0] INFO  c.n.d.s.r.aws.ConfigClusterResolver - Resolving eureka endpoints via configuration
15:00:00.071 logback [pool-8-thread-1] INFO  c.neo.controller.ScheduleController - 成功更新过期服务包
15:00:54.907 logback [AsyncResolver-bootstrap-executor-0] INFO  c.n.d.s.r.aws.ConfigClusterResolver - Resolving eureka endpoints via configuration
15:05:54.909 logback [AsyncResolver-bootstrap-executor-0] INFO  c.n.d.s.r.aws.ConfigClusterResolver - Resolving eureka endpoints via configuration
15:10:54.910 logback [AsyncResolver-bootstrap-executor-0] INFO  c.n.d.s.r.aws.ConfigClusterResolver - Resolving eureka endpoints via configuration
15:15:54.911 logback [AsyncResolver-bootstrap-executor-0] INFO  c.n.d.s.r.aws.ConfigClusterResolver - Resolving eureka endpoints via configuration
15:20:54.913 logback [AsyncResolver-bootstrap-executor-0] INFO  c.n.d.s.r.aws.ConfigClusterResolver - Resolving eureka endpoints via configuration
15:25:54.915 logback [AsyncResolver-bootstrap-executor-0] INFO  c.n.d.s.r.aws.ConfigClusterResolver - Resolving eureka endpoints via configuration
15:30:54.917 logback [AsyncResolver-bootstrap-executor-0] INFO  c.n.d.s.r.aws.ConfigClusterResolver - Resolving eureka endpoints via configuration
15:35:54.918 logback [AsyncResolver-bootstrap-executor-0] INFO  c.n.d.s.r.aws.ConfigClusterResolver - Resolving eureka endpoints via configuration
15:40:54.919 logback [AsyncResolver-bootstrap-executor-0] INFO  c.n.d.s.r.aws.ConfigClusterResolver - Resolving eureka endpoints via configuration
15:45:54.920 logback [AsyncResolver-bootstrap-executor-0] INFO  c.n.d.s.r.aws.ConfigClusterResolver - Resolving eureka endpoints via configuration
15:50:54.923 logback [AsyncResolver-bootstrap-executor-0] INFO  c.n.d.s.r.aws.ConfigClusterResolver - Resolving eureka endpoints via configuration
15:55:54.926 logback [AsyncResolver-bootstrap-executor-0] INFO  c.n.d.s.r.aws.ConfigClusterResolver - Resolving eureka endpoints via configuration
16:00:00.022 logback [pool-8-thread-1] INFO  c.neo.controller.ScheduleController - 成功更新过期服务包
16:00:54.927 logback [AsyncResolver-bootstrap-executor-0] INFO  c.n.d.s.r.aws.ConfigClusterResolver - Resolving eureka endpoints via configuration
16:05:54.931 logback [AsyncResolver-bootstrap-executor-0] INFO  c.n.d.s.r.aws.ConfigClusterResolver - Resolving eureka endpoints via configuration
16:10:54.932 logback [AsyncResolver-bootstrap-executor-0] INFO  c.n.d.s.r.aws.ConfigClusterResolver - Resolving eureka endpoints via configuration
16:15:54.934 logback [AsyncResolver-bootstrap-executor-0] INFO  c.n.d.s.r.aws.ConfigClusterResolver - Resolving eureka endpoints via configuration
16:20:54.936 logback [AsyncResolver-bootstrap-executor-0] INFO  c.n.d.s.r.aws.ConfigClusterResolver - Resolving eureka endpoints via configuration
16:24:19.881 logback [http-nio-1601-exec-4] INFO  o.a.c.c.C.[Tomcat].[localhost].[/] - Initializing Spring FrameworkServlet 'dispatcherServlet'
16:24:19.882 logback [http-nio-1601-exec-4] INFO  o.s.web.servlet.DispatcherServlet - FrameworkServlet 'dispatcherServlet': initialization started
16:24:19.945 logback [http-nio-1601-exec-4] INFO  o.s.web.servlet.DispatcherServlet - FrameworkServlet 'dispatcherServlet': initialization completed in 63 ms
16:24:20.109 logback [http-nio-1601-exec-3] INFO  com.neo.controller.HealthController - 成功查找具体患者未读模板消息数量
16:24:20.118 logback [http-nio-1601-exec-2] INFO  com.neo.controller.PatientController - 成功筛选留言和回复
16:24:20.118 logback [http-nio-1601-exec-2] INFO  com.neo.controller.PatientController - 成功根据患者获取留言的最新回复
16:24:20.200 logback [http-nio-1601-exec-1] INFO  com.neo.controller.PatientController - 成功根据id返回患者信息
16:24:20.877 logback [http-nio-1601-exec-5] INFO  com.neo.controller.HealthController - 成功查找具体患者未读自定义消息数量
16:24:21.222 logback [http-nio-1601-exec-6] INFO  com.neo.controller.HealthController - 成功查找具体患者未读模板消息数量
16:24:29.583 logback [http-nio-1601-exec-7] INFO  com.neo.controller.HealthController - 成功查找风险评估人数
16:24:29.587 logback [http-nio-1601-exec-8] INFO  com.neo.controller.HealthController - 成功查找所有风险评估报告
16:24:35.442 logback [http-nio-1601-exec-9] INFO  com.neo.controller.HealthController - 成功根据服务次数查找风险评估报告
16:25:54.937 logback [AsyncResolver-bootstrap-executor-0] INFO  c.n.d.s.r.aws.ConfigClusterResolver - Resolving eureka endpoints via configuration
16:30:54.939 logback [AsyncResolver-bootstrap-executor-0] INFO  c.n.d.s.r.aws.ConfigClusterResolver - Resolving eureka endpoints via configuration
16:35:54.940 logback [AsyncResolver-bootstrap-executor-0] INFO  c.n.d.s.r.aws.ConfigClusterResolver - Resolving eureka endpoints via configuration
16:36:46.377 logback [http-nio-1601-exec-1] INFO  com.neo.controller.HealthController - 成功查找所有风险评估报告
16:36:46.380 logback [http-nio-1601-exec-5] INFO  com.neo.controller.HealthController - 成功查找风险评估人数
16:36:49.672 logback [http-nio-1601-exec-8] INFO  com.neo.controller.HealthController - 成功查找具体患者未读模板消息数量
16:36:49.683 logback [http-nio-1601-exec-9] INFO  com.neo.controller.PatientController - 成功筛选留言和回复
16:36:49.683 logback [http-nio-1601-exec-9] INFO  com.neo.controller.PatientController - 成功根据患者获取留言的最新回复
16:36:49.894 logback [http-nio-1601-exec-10] INFO  com.neo.controller.HealthController - 成功查找具体患者未读自定义消息数量
16:36:50.246 logback [http-nio-1601-exec-3] INFO  com.neo.controller.HealthController - 成功查找具体患者未读模板消息数量
16:36:53.858 logback [http-nio-1601-exec-2] INFO  com.neo.controller.HealthController - 成功生成风险评估报告
16:36:56.397 logback [http-nio-1601-exec-4] INFO  com.neo.controller.HealthController - 成功查找最新的风险评估报告
16:37:09.701 logback [http-nio-1601-exec-1] INFO  com.neo.controller.HealthController - 成功查找健康信息
16:37:27.723 logback [http-nio-1601-exec-5] INFO  com.neo.controller.HealthController - 成功保存健康信息
16:37:32.148 logback [http-nio-1601-exec-6] INFO  com.neo.controller.HealthController - 成功生成风险评估报告
16:37:34.054 logback [http-nio-1601-exec-7] INFO  com.neo.controller.HealthController - 成功查找最新的风险评估报告
16:40:54.941 logback [AsyncResolver-bootstrap-executor-0] INFO  c.n.d.s.r.aws.ConfigClusterResolver - Resolving eureka endpoints via configuration
16:45:54.942 logback [AsyncResolver-bootstrap-executor-0] INFO  c.n.d.s.r.aws.ConfigClusterResolver - Resolving eureka endpoints via configuration
16:50:54.944 logback [AsyncResolver-bootstrap-executor-0] INFO  c.n.d.s.r.aws.ConfigClusterResolver - Resolving eureka endpoints via configuration
16:55:54.946 logback [AsyncResolver-bootstrap-executor-0] INFO  c.n.d.s.r.aws.ConfigClusterResolver - Resolving eureka endpoints via configuration
17:00:00.021 logback [pool-8-thread-1] INFO  c.neo.controller.ScheduleController - 成功更新过期服务包
17:00:54.946 logback [AsyncResolver-bootstrap-executor-0] INFO  c.n.d.s.r.aws.ConfigClusterResolver - Resolving eureka endpoints via configuration
17:05:54.949 logback [AsyncResolver-bootstrap-executor-0] INFO  c.n.d.s.r.aws.ConfigClusterResolver - Resolving eureka endpoints via configuration
17:08:49.256 logback [http-nio-1601-exec-2] INFO  com.neo.controller.HealthController - 成功查找具体患者未读模板消息数量
17:08:49.274 logback [http-nio-1601-exec-4] INFO  com.neo.controller.PatientController - 成功筛选留言和回复
17:08:49.274 logback [http-nio-1601-exec-4] INFO  com.neo.controller.PatientController - 成功根据患者获取留言的最新回复
17:08:49.522 logback [http-nio-1601-exec-1] INFO  com.neo.controller.HealthController - 成功查找具体患者未读自定义消息数量
17:08:49.866 logback [http-nio-1601-exec-5] INFO  com.neo.controller.HealthController - 成功查找具体患者未读模板消息数量
17:08:52.299 logback [http-nio-1601-exec-6] INFO  com.neo.controller.HealthController - 成功查找风险评估人数
17:08:52.373 logback [http-nio-1601-exec-7] INFO  com.neo.controller.HealthController - 成功查找所有风险评估报告
17:08:54.597 logback [http-nio-1601-exec-8] INFO  com.neo.controller.HealthController - 成功根据服务次数查找风险评估报告
17:09:04.549 logback [http-nio-1601-exec-9] INFO  com.neo.controller.HealthController - 成功查找所有风险评估报告
17:09:04.558 logback [http-nio-1601-exec-10] INFO  com.neo.controller.HealthController - 成功查找风险评估人数
17:09:06.961 logback [http-nio-1601-exec-3] INFO  com.neo.controller.HealthController - 成功根据服务次数查找风险评估报告
17:10:25.822 logback [http-nio-1601-exec-4] INFO  com.neo.controller.HealthController - 成功查找风险评估人数
17:10:25.836 logback [http-nio-1601-exec-1] INFO  com.neo.controller.HealthController - 成功查找所有风险评估报告
17:10:28.425 logback [http-nio-1601-exec-5] INFO  com.neo.controller.HealthController - 成功根据服务次数查找风险评估报告
17:10:54.950 logback [AsyncResolver-bootstrap-executor-0] INFO  c.n.d.s.r.aws.ConfigClusterResolver - Resolving eureka endpoints via configuration
17:15:54.951 logback [AsyncResolver-bootstrap-executor-0] INFO  c.n.d.s.r.aws.ConfigClusterResolver - Resolving eureka endpoints via configuration
17:16:15.036 logback [http-nio-1601-exec-7] INFO  com.neo.controller.HealthController - 成功根据服务次数查找风险评估报告
17:20:54.952 logback [AsyncResolver-bootstrap-executor-0] INFO  c.n.d.s.r.aws.ConfigClusterResolver - Resolving eureka endpoints via configuration
17:24:14.321 logback [http-nio-1601-exec-9] INFO  com.neo.controller.HealthController - 成功查找具体患者未读模板消息数量
17:24:14.326 logback [http-nio-1601-exec-3] INFO  com.neo.controller.PatientController - 成功筛选留言和回复
17:24:14.327 logback [http-nio-1601-exec-3] INFO  com.neo.controller.PatientController - 成功根据患者获取留言的最新回复
17:24:14.755 logback [http-nio-1601-exec-2] INFO  com.neo.controller.HealthController - 成功查找具体患者未读自定义消息数量
17:24:15.097 logback [http-nio-1601-exec-4] INFO  com.neo.controller.HealthController - 成功查找具体患者未读模板消息数量
17:24:16.961 logback [http-nio-1601-exec-1] INFO  com.neo.controller.HealthController - 成功查找风险评估人数
17:24:16.973 logback [http-nio-1601-exec-5] INFO  com.neo.controller.HealthController - 成功查找所有风险评估报告
17:24:19.624 logback [http-nio-1601-exec-6] INFO  com.neo.controller.HealthController - 成功根据服务次数查找风险评估报告
17:25:54.955 logback [AsyncResolver-bootstrap-executor-0] INFO  c.n.d.s.r.aws.ConfigClusterResolver - Resolving eureka endpoints via configuration
17:30:54.956 logback [AsyncResolver-bootstrap-executor-0] INFO  c.n.d.s.r.aws.ConfigClusterResolver - Resolving eureka endpoints via configuration
17:33:07.561 logback [http-nio-1601-exec-10] INFO  com.neo.controller.HealthController - 成功查找风险评估人数
17:33:07.570 logback [http-nio-1601-exec-3] INFO  com.neo.controller.HealthController - 成功查找所有风险评估报告
17:35:54.958 logback [AsyncResolver-bootstrap-executor-0] INFO  c.n.d.s.r.aws.ConfigClusterResolver - Resolving eureka endpoints via configuration
17:39:30.150 logback [http-nio-1601-exec-5] INFO  com.neo.controller.HealthController - 成功查找具体患者未读模板消息数量
17:39:30.225 logback [http-nio-1601-exec-6] INFO  com.neo.controller.PatientController - 成功筛选留言和回复
17:39:30.226 logback [http-nio-1601-exec-6] INFO  com.neo.controller.PatientController - 成功根据患者获取留言的最新回复
17:39:30.452 logback [http-nio-1601-exec-7] INFO  com.neo.controller.HealthController - 成功查找具体患者未读自定义消息数量
17:39:30.795 logback [http-nio-1601-exec-8] INFO  com.neo.controller.HealthController - 成功查找具体患者未读模板消息数量
17:39:37.651 logback [http-nio-1601-exec-9] INFO  com.neo.controller.PatientController - 根据患者ID返回他关注的医生的ID
17:39:37.682 logback [http-nio-1601-exec-10] INFO  com.neo.controller.DoctorController - 成功返回医生所有服务包
17:39:37.827 logback [http-nio-1601-exec-3] INFO  com.neo.controller.DoctorController - 成功根据电话返回医生的信息
17:39:38.062 logback [http-nio-1601-exec-2] INFO  com.neo.controller.PatientController - 成功通过患者微信号查找购买的服务实体列表
17:39:48.217 logback [http-nio-1601-exec-1] INFO  com.neo.controller.PatientController - 成功发送患者留言或回复
17:39:51.400 logback [http-nio-1601-exec-7] INFO  com.neo.controller.DoctorController - 成功返回医生所有服务包
17:39:51.522 logback [http-nio-1601-exec-8] INFO  com.neo.controller.DoctorController - 成功根据电话返回医生的信息
17:39:51.763 logback [http-nio-1601-exec-9] INFO  com.neo.controller.PatientController - 成功通过患者微信号查找购买的服务实体列表
17:39:54.904 logback [http-nio-1601-exec-2] INFO  com.neo.controller.HealthController - 成功查找具体患者未读模板消息数量
17:39:54.967 logback [http-nio-1601-exec-4] INFO  com.neo.controller.PatientController - 成功筛选留言和回复
17:39:54.967 logback [http-nio-1601-exec-4] INFO  com.neo.controller.PatientController - 成功根据患者获取留言的最新回复
17:39:55.196 logback [http-nio-1601-exec-1] INFO  com.neo.controller.HealthController - 成功查找具体患者未读自定义消息数量
17:39:55.540 logback [http-nio-1601-exec-5] INFO  com.neo.controller.HealthController - 成功查找具体患者未读模板消息数量
17:40:54.961 logback [AsyncResolver-bootstrap-executor-0] INFO  c.n.d.s.r.aws.ConfigClusterResolver - Resolving eureka endpoints via configuration
17:45:54.963 logback [AsyncResolver-bootstrap-executor-0] INFO  c.n.d.s.r.aws.ConfigClusterResolver - Resolving eureka endpoints via configuration
17:50:54.964 logback [AsyncResolver-bootstrap-executor-0] INFO  c.n.d.s.r.aws.ConfigClusterResolver - Resolving eureka endpoints via configuration
17:55:54.966 logback [AsyncResolver-bootstrap-executor-0] INFO  c.n.d.s.r.aws.ConfigClusterResolver - Resolving eureka endpoints via configuration
18:00:00.012 logback [pool-8-thread-1] INFO  c.neo.controller.ScheduleController - 成功更新过期服务包
18:00:54.968 logback [AsyncResolver-bootstrap-executor-0] INFO  c.n.d.s.r.aws.ConfigClusterResolver - Resolving eureka endpoints via configuration
18:05:54.970 logback [AsyncResolver-bootstrap-executor-0] INFO  c.n.d.s.r.aws.ConfigClusterResolver - Resolving eureka endpoints via configuration
18:10:54.971 logback [AsyncResolver-bootstrap-executor-0] INFO  c.n.d.s.r.aws.ConfigClusterResolver - Resolving eureka endpoints via configuration
18:15:54.972 logback [AsyncResolver-bootstrap-executor-0] INFO  c.n.d.s.r.aws.ConfigClusterResolver - Resolving eureka endpoints via configuration
18:20:54.973 logback [AsyncResolver-bootstrap-executor-0] INFO  c.n.d.s.r.aws.ConfigClusterResolver - Resolving eureka endpoints via configuration
18:25:54.975 logback [AsyncResolver-bootstrap-executor-0] INFO  c.n.d.s.r.aws.ConfigClusterResolver - Resolving eureka endpoints via configuration
18:28:03.351 logback [http-nio-1601-exec-10] INFO  com.neo.controller.HealthController - 成功查找具体患者未读模板消息数量
18:28:03.383 logback [http-nio-1601-exec-3] INFO  com.neo.controller.PatientController - 成功筛选留言和回复
18:28:03.383 logback [http-nio-1601-exec-3] INFO  com.neo.controller.PatientController - 成功根据患者获取留言的最新回复
18:28:03.959 logback [http-nio-1601-exec-2] INFO  com.neo.controller.HealthController - 成功查找具体患者未读自定义消息数量
18:28:04.298 logback [http-nio-1601-exec-4] INFO  com.neo.controller.HealthController - 成功查找具体患者未读模板消息数量
18:28:51.165 logback [http-nio-1601-exec-5] INFO  com.neo.controller.PatientController - 成功筛选留言和回复
18:28:51.165 logback [http-nio-1601-exec-5] INFO  com.neo.controller.PatientController - 成功根据患者获取留言的最新回复
18:28:51.177 logback [http-nio-1601-exec-7] INFO  com.neo.controller.HealthController - 成功查找具体患者未读模板消息数量
18:28:51.328 logback [http-nio-1601-exec-8] INFO  com.neo.controller.HealthController - 成功查找具体患者未读自定义消息数量
18:28:51.673 logback [http-nio-1601-exec-9] INFO  com.neo.controller.HealthController - 成功查找具体患者未读模板消息数量
18:30:54.984 logback [AsyncResolver-bootstrap-executor-0] INFO  c.n.d.s.r.aws.ConfigClusterResolver - Resolving eureka endpoints via configuration
18:31:36.393 logback [http-nio-1601-exec-2] INFO  com.neo.controller.HealthController - 成功查找具体患者未读模板消息数量
18:31:36.401 logback [http-nio-1601-exec-4] INFO  com.neo.controller.PatientController - 成功筛选留言和回复
18:31:36.401 logback [http-nio-1601-exec-4] INFO  com.neo.controller.PatientController - 成功根据患者获取留言的最新回复
18:31:36.794 logback [http-nio-1601-exec-6] INFO  com.neo.controller.HealthController - 成功查找具体患者未读自定义消息数量
18:31:37.151 logback [http-nio-1601-exec-7] INFO  com.neo.controller.HealthController - 成功查找具体患者未读模板消息数量
18:33:36.296 logback [http-nio-1601-exec-4] INFO  com.neo.controller.PatientController - 成功筛选留言和回复
18:33:36.296 logback [http-nio-1601-exec-4] INFO  com.neo.controller.PatientController - 成功根据患者获取留言的最新回复
18:33:36.297 logback [http-nio-1601-exec-1] INFO  com.neo.controller.HealthController - 成功查找具体患者未读模板消息数量
18:33:36.576 logback [http-nio-1601-exec-6] INFO  com.neo.controller.HealthController - 成功查找具体患者未读自定义消息数量
18:33:37.217 logback [http-nio-1601-exec-7] INFO  com.neo.controller.HealthController - 成功查找具体患者未读模板消息数量
18:35:54.988 logback [AsyncResolver-bootstrap-executor-0] INFO  c.n.d.s.r.aws.ConfigClusterResolver - Resolving eureka endpoints via configuration
18:36:40.377 logback [http-nio-1601-exec-2] INFO  com.neo.controller.HealthController - 成功查找具体患者未读模板消息数量
18:36:40.389 logback [http-nio-1601-exec-5] INFO  com.neo.controller.PatientController - 成功筛选留言和回复
18:36:40.389 logback [http-nio-1601-exec-5] INFO  com.neo.controller.PatientController - 成功根据患者获取留言的最新回复
18:36:40.516 logback [http-nio-1601-exec-4] INFO  com.neo.controller.HealthController - 成功查找具体患者未读自定义消息数量
18:36:40.853 logback [http-nio-1601-exec-1] INFO  com.neo.controller.HealthController - 成功查找具体患者未读模板消息数量
18:37:18.326 logback [http-nio-1601-exec-7] INFO  com.neo.controller.DoctorController - 成功返回医生所有服务包
18:37:18.484 logback [http-nio-1601-exec-8] INFO  com.neo.controller.DoctorController - 成功根据电话返回医生的信息
18:37:18.686 logback [http-nio-1601-exec-9] INFO  com.neo.controller.PatientController - 成功通过患者微信号查找购买的服务实体列表
18:37:24.168 logback [http-nio-1601-exec-5] INFO  com.neo.controller.HealthController - 成功查找具体患者未读模板消息数量
18:37:24.170 logback [http-nio-1601-exec-2] INFO  com.neo.controller.PatientController - 成功筛选留言和回复
18:37:24.170 logback [http-nio-1601-exec-2] INFO  com.neo.controller.PatientController - 成功根据患者获取留言的最新回复
18:37:24.733 logback [http-nio-1601-exec-4] INFO  com.neo.controller.HealthController - 成功查找具体患者未读自定义消息数量
18:37:25.081 logback [http-nio-1601-exec-1] INFO  com.neo.controller.HealthController - 成功查找具体患者未读模板消息数量
18:37:28.092 logback [http-nio-1601-exec-7] INFO  com.neo.controller.DoctorController - 成功返回医生所有服务包
18:37:28.217 logback [http-nio-1601-exec-8] INFO  com.neo.controller.DoctorController - 成功根据电话返回医生的信息
18:37:28.450 logback [http-nio-1601-exec-9] INFO  com.neo.controller.PatientController - 成功通过患者微信号查找购买的服务实体列表
18:39:44.926 logback [http-nio-1601-exec-2] INFO  com.neo.controller.DoctorController - 成功返回医生所有服务包
18:39:45.081 logback [http-nio-1601-exec-4] INFO  com.neo.controller.DoctorController - 成功根据电话返回医生的信息
18:39:45.302 logback [http-nio-1601-exec-1] INFO  com.neo.controller.PatientController - 成功通过患者微信号查找购买的服务实体列表
18:40:54.990 logback [AsyncResolver-bootstrap-executor-0] INFO  c.n.d.s.r.aws.ConfigClusterResolver - Resolving eureka endpoints via configuration
18:44:28.357 logback [http-nio-1601-exec-9] INFO  com.neo.controller.DoctorController - 成功返回医生所有服务包
18:44:28.520 logback [http-nio-1601-exec-10] INFO  com.neo.controller.DoctorController - 成功根据电话返回医生的信息
18:44:28.714 logback [http-nio-1601-exec-3] INFO  com.neo.controller.PatientController - 成功通过患者微信号查找购买的服务实体列表
18:44:31.786 logback [http-nio-1601-exec-4] INFO  com.neo.controller.PatientController - 成功筛选留言和回复
18:44:31.787 logback [http-nio-1601-exec-4] INFO  com.neo.controller.PatientController - 成功根据患者获取留言的最新回复
18:44:32.125 logback [http-nio-1601-exec-1] INFO  com.neo.controller.HealthController - 成功查找具体患者未读模板消息数量
18:44:32.259 logback [http-nio-1601-exec-6] INFO  com.neo.controller.HealthController - 成功查找具体患者未读自定义消息数量
18:44:32.602 logback [http-nio-1601-exec-7] INFO  com.neo.controller.HealthController - 成功查找具体患者未读模板消息数量
18:44:35.070 logback [http-nio-1601-exec-8] INFO  com.neo.controller.PatientController - 成功获取患者一个留言板及回复
18:45:54.993 logback [AsyncResolver-bootstrap-executor-0] INFO  c.n.d.s.r.aws.ConfigClusterResolver - Resolving eureka endpoints via configuration
18:48:52.773 logback [http-nio-1601-exec-3] INFO  com.neo.controller.PatientController - 成功获取患者一个留言板及回复
18:50:54.994 logback [AsyncResolver-bootstrap-executor-0] INFO  c.n.d.s.r.aws.ConfigClusterResolver - Resolving eureka endpoints via configuration
18:55:54.996 logback [AsyncResolver-bootstrap-executor-0] INFO  c.n.d.s.r.aws.ConfigClusterResolver - Resolving eureka endpoints via configuration
19:00:00.006 logback [pool-8-thread-1] INFO  c.neo.controller.ScheduleController - 成功更新过期服务包
19:00:54.997 logback [AsyncResolver-bootstrap-executor-0] INFO  c.n.d.s.r.aws.ConfigClusterResolver - Resolving eureka endpoints via configuration
19:05:54.997 logback [AsyncResolver-bootstrap-executor-0] INFO  c.n.d.s.r.aws.ConfigClusterResolver - Resolving eureka endpoints via configuration
19:09:15.345 logback [http-nio-1601-exec-1] INFO  com.neo.controller.HealthController - 成功查找具体患者未读模板消息数量
19:09:15.387 logback [http-nio-1601-exec-6] INFO  com.neo.controller.PatientController - 成功筛选留言和回复
19:09:15.387 logback [http-nio-1601-exec-6] INFO  com.neo.controller.PatientController - 成功根据患者获取留言的最新回复
19:09:16.748 logback [http-nio-1601-exec-9] INFO  com.neo.controller.HealthController - 成功查找具体患者未读模板消息数量
19:09:16.783 logback [http-nio-1601-exec-10] INFO  com.neo.controller.PatientController - 成功筛选留言和回复
19:09:16.783 logback [http-nio-1601-exec-10] INFO  com.neo.controller.PatientController - 成功根据患者获取留言的最新回复
19:09:17.030 logback [http-nio-1601-exec-3] INFO  com.neo.controller.HealthController - 成功查找具体患者未读自定义消息数量
19:09:17.378 logback [http-nio-1601-exec-5] INFO  com.neo.controller.HealthController - 成功查找具体患者未读模板消息数量
19:09:20.191 logback [http-nio-1601-exec-4] INFO  com.neo.controller.DoctorController - 成功返回医生所有服务包
19:09:20.348 logback [http-nio-1601-exec-1] INFO  com.neo.controller.DoctorController - 成功根据电话返回医生的信息
19:09:20.552 logback [http-nio-1601-exec-6] INFO  com.neo.controller.PatientController - 成功通过患者微信号查找购买的服务实体列表
19:10:54.999 logback [AsyncResolver-bootstrap-executor-0] INFO  c.n.d.s.r.aws.ConfigClusterResolver - Resolving eureka endpoints via configuration
19:15:55.000 logback [AsyncResolver-bootstrap-executor-0] INFO  c.n.d.s.r.aws.ConfigClusterResolver - Resolving eureka endpoints via configuration
19:20:55.002 logback [AsyncResolver-bootstrap-executor-0] INFO  c.n.d.s.r.aws.ConfigClusterResolver - Resolving eureka endpoints via configuration
19:25:55.003 logback [AsyncResolver-bootstrap-executor-0] INFO  c.n.d.s.r.aws.ConfigClusterResolver - Resolving eureka endpoints via configuration
19:30:55.006 logback [AsyncResolver-bootstrap-executor-0] INFO  c.n.d.s.r.aws.ConfigClusterResolver - Resolving eureka endpoints via configuration
19:35:55.007 logback [AsyncResolver-bootstrap-executor-0] INFO  c.n.d.s.r.aws.ConfigClusterResolver - Resolving eureka endpoints via configuration
19:40:55.008 logback [AsyncResolver-bootstrap-executor-0] INFO  c.n.d.s.r.aws.ConfigClusterResolver - Resolving eureka endpoints via configuration
19:45:55.009 logback [AsyncResolver-bootstrap-executor-0] INFO  c.n.d.s.r.aws.ConfigClusterResolver - Resolving eureka endpoints via configuration
19:50:55.011 logback [AsyncResolver-bootstrap-executor-0] INFO  c.n.d.s.r.aws.ConfigClusterResolver - Resolving eureka endpoints via configuration
19:55:55.013 logback [AsyncResolver-bootstrap-executor-0] INFO  c.n.d.s.r.aws.ConfigClusterResolver - Resolving eureka endpoints via configuration
20:00:00.006 logback [pool-8-thread-1] INFO  c.neo.controller.ScheduleController - 成功更新过期服务包
20:00:55.015 logback [AsyncResolver-bootstrap-executor-0] INFO  c.n.d.s.r.aws.ConfigClusterResolver - Resolving eureka endpoints via configuration
20:05:55.016 logback [AsyncResolver-bootstrap-executor-0] INFO  c.n.d.s.r.aws.ConfigClusterResolver - Resolving eureka endpoints via configuration
20:10:55.016 logback [AsyncResolver-bootstrap-executor-0] INFO  c.n.d.s.r.aws.ConfigClusterResolver - Resolving eureka endpoints via configuration
20:15:55.018 logback [AsyncResolver-bootstrap-executor-0] INFO  c.n.d.s.r.aws.ConfigClusterResolver - Resolving eureka endpoints via configuration
20:20:55.021 logback [AsyncResolver-bootstrap-executor-0] INFO  c.n.d.s.r.aws.ConfigClusterResolver - Resolving eureka endpoints via configuration
20:25:55.022 logback [AsyncResolver-bootstrap-executor-0] INFO  c.n.d.s.r.aws.ConfigClusterResolver - Resolving eureka endpoints via configuration
20:30:55.023 logback [AsyncResolver-bootstrap-executor-0] INFO  c.n.d.s.r.aws.ConfigClusterResolver - Resolving eureka endpoints via configuration
20:35:55.024 logback [AsyncResolver-bootstrap-executor-0] INFO  c.n.d.s.r.aws.ConfigClusterResolver - Resolving eureka endpoints via configuration
20:40:55.025 logback [AsyncResolver-bootstrap-executor-0] INFO  c.n.d.s.r.aws.ConfigClusterResolver - Resolving eureka endpoints via configuration
20:45:55.027 logback [AsyncResolver-bootstrap-executor-0] INFO  c.n.d.s.r.aws.ConfigClusterResolver - Resolving eureka endpoints via configuration
20:50:55.029 logback [AsyncResolver-bootstrap-executor-0] INFO  c.n.d.s.r.aws.ConfigClusterResolver - Resolving eureka endpoints via configuration
20:55:55.030 logback [AsyncResolver-bootstrap-executor-0] INFO  c.n.d.s.r.aws.ConfigClusterResolver - Resolving eureka endpoints via configuration
21:00:00.005 logback [pool-8-thread-1] INFO  c.neo.controller.ScheduleController - 成功更新过期服务包
21:00:55.031 logback [AsyncResolver-bootstrap-executor-0] INFO  c.n.d.s.r.aws.ConfigClusterResolver - Resolving eureka endpoints via configuration
21:05:55.032 logback [AsyncResolver-bootstrap-executor-0] INFO  c.n.d.s.r.aws.ConfigClusterResolver - Resolving eureka endpoints via configuration
21:10:55.034 logback [AsyncResolver-bootstrap-executor-0] INFO  c.n.d.s.r.aws.ConfigClusterResolver - Resolving eureka endpoints via configuration
21:15:55.035 logback [AsyncResolver-bootstrap-executor-0] INFO  c.n.d.s.r.aws.ConfigClusterResolver - Resolving eureka endpoints via configuration
21:20:55.036 logback [AsyncResolver-bootstrap-executor-0] INFO  c.n.d.s.r.aws.ConfigClusterResolver - Resolving eureka endpoints via configuration
21:25:55.037 logback [AsyncResolver-bootstrap-executor-0] INFO  c.n.d.s.r.aws.ConfigClusterResolver - Resolving eureka endpoints via configuration
21:30:55.039 logback [AsyncResolver-bootstrap-executor-0] INFO  c.n.d.s.r.aws.ConfigClusterResolver - Resolving eureka endpoints via configuration
21:35:55.040 logback [AsyncResolver-bootstrap-executor-0] INFO  c.n.d.s.r.aws.ConfigClusterResolver - Resolving eureka endpoints via configuration
21:40:55.043 logback [AsyncResolver-bootstrap-executor-0] INFO  c.n.d.s.r.aws.ConfigClusterResolver - Resolving eureka endpoints via configuration
21:45:55.045 logback [AsyncResolver-bootstrap-executor-0] INFO  c.n.d.s.r.aws.ConfigClusterResolver - Resolving eureka endpoints via configuration
21:50:55.047 logback [AsyncResolver-bootstrap-executor-0] INFO  c.n.d.s.r.aws.ConfigClusterResolver - Resolving eureka endpoints via configuration
21:55:55.050 logback [AsyncResolver-bootstrap-executor-0] INFO  c.n.d.s.r.aws.ConfigClusterResolver - Resolving eureka endpoints via configuration
22:00:00.005 logback [pool-8-thread-1] INFO  c.neo.controller.ScheduleController - 成功更新过期服务包
22:00:55.051 logback [AsyncResolver-bootstrap-executor-0] INFO  c.n.d.s.r.aws.ConfigClusterResolver - Resolving eureka endpoints via configuration
22:05:55.052 logback [AsyncResolver-bootstrap-executor-0] INFO  c.n.d.s.r.aws.ConfigClusterResolver - Resolving eureka endpoints via configuration
22:10:55.053 logback [AsyncResolver-bootstrap-executor-0] INFO  c.n.d.s.r.aws.ConfigClusterResolver - Resolving eureka endpoints via configuration
22:15:55.055 logback [AsyncResolver-bootstrap-executor-0] INFO  c.n.d.s.r.aws.ConfigClusterResolver - Resolving eureka endpoints via configuration
22:20:55.057 logback [AsyncResolver-bootstrap-executor-0] INFO  c.n.d.s.r.aws.ConfigClusterResolver - Resolving eureka endpoints via configuration
22:25:55.058 logback [AsyncResolver-bootstrap-executor-0] INFO  c.n.d.s.r.aws.ConfigClusterResolver - Resolving eureka endpoints via configuration
22:30:55.059 logback [AsyncResolver-bootstrap-executor-0] INFO  c.n.d.s.r.aws.ConfigClusterResolver - Resolving eureka endpoints via configuration
22:35:55.060 logback [AsyncResolver-bootstrap-executor-0] INFO  c.n.d.s.r.aws.ConfigClusterResolver - Resolving eureka endpoints via configuration
22:40:55.061 logback [AsyncResolver-bootstrap-executor-0] INFO  c.n.d.s.r.aws.ConfigClusterResolver - Resolving eureka endpoints via configuration
22:45:55.062 logback [AsyncResolver-bootstrap-executor-0] INFO  c.n.d.s.r.aws.ConfigClusterResolver - Resolving eureka endpoints via configuration
22:50:55.063 logback [AsyncResolver-bootstrap-executor-0] INFO  c.n.d.s.r.aws.ConfigClusterResolver - Resolving eureka endpoints via configuration
22:55:55.064 logback [AsyncResolver-bootstrap-executor-0] INFO  c.n.d.s.r.aws.ConfigClusterResolver - Resolving eureka endpoints via configuration
23:00:00.004 logback [pool-8-thread-1] INFO  c.neo.controller.ScheduleController - 成功更新过期服务包
23:00:55.066 logback [AsyncResolver-bootstrap-executor-0] INFO  c.n.d.s.r.aws.ConfigClusterResolver - Resolving eureka endpoints via configuration
23:05:55.067 logback [AsyncResolver-bootstrap-executor-0] INFO  c.n.d.s.r.aws.ConfigClusterResolver - Resolving eureka endpoints via configuration
23:10:55.069 logback [AsyncResolver-bootstrap-executor-0] INFO  c.n.d.s.r.aws.ConfigClusterResolver - Resolving eureka endpoints via configuration
23:15:55.070 logback [AsyncResolver-bootstrap-executor-0] INFO  c.n.d.s.r.aws.ConfigClusterResolver - Resolving eureka endpoints via configuration
23:20:55.071 logback [AsyncResolver-bootstrap-executor-0] INFO  c.n.d.s.r.aws.ConfigClusterResolver - Resolving eureka endpoints via configuration
23:25:55.072 logback [AsyncResolver-bootstrap-executor-0] INFO  c.n.d.s.r.aws.ConfigClusterResolver - Resolving eureka endpoints via configuration
23:30:55.075 logback [AsyncResolver-bootstrap-executor-0] INFO  c.n.d.s.r.aws.ConfigClusterResolver - Resolving eureka endpoints via configuration
23:35:55.076 logback [AsyncResolver-bootstrap-executor-0] INFO  c.n.d.s.r.aws.ConfigClusterResolver - Resolving eureka endpoints via configuration
23:40:55.076 logback [AsyncResolver-bootstrap-executor-0] INFO  c.n.d.s.r.aws.ConfigClusterResolver - Resolving eureka endpoints via configuration
23:45:55.078 logback [AsyncResolver-bootstrap-executor-0] INFO  c.n.d.s.r.aws.ConfigClusterResolver - Resolving eureka endpoints via configuration
23:50:55.079 logback [AsyncResolver-bootstrap-executor-0] INFO  c.n.d.s.r.aws.ConfigClusterResolver - Resolving eureka endpoints via configuration
23:55:55.080 logback [AsyncResolver-bootstrap-executor-0] INFO  c.n.d.s.r.aws.ConfigClusterResolver - Resolving eureka endpoints via configuration
