00:00:00.004 logback [pool-8-thread-1] INFO  c.neo.controller.ScheduleController - 成功更新过期服务包
00:03:41.513 logback [AsyncResolver-bootstrap-executor-0] INFO  c.n.d.s.r.aws.ConfigClusterResolver - Resolving eureka endpoints via configuration
00:08:41.514 logback [AsyncResolver-bootstrap-executor-0] INFO  c.n.d.s.r.aws.ConfigClusterResolver - Resolving eureka endpoints via configuration
00:13:41.516 logback [AsyncResolver-bootstrap-executor-0] INFO  c.n.d.s.r.aws.ConfigClusterResolver - Resolving eureka endpoints via configuration
00:18:41.516 logback [AsyncResolver-bootstrap-executor-0] INFO  c.n.d.s.r.aws.ConfigClusterResolver - Resolving eureka endpoints via configuration
00:23:41.518 logback [AsyncResolver-bootstrap-executor-0] INFO  c.n.d.s.r.aws.ConfigClusterResolver - Resolving eureka endpoints via configuration
00:28:41.519 logback [AsyncResolver-bootstrap-executor-0] INFO  c.n.d.s.r.aws.ConfigClusterResolver - Resolving eureka endpoints via configuration
00:33:41.520 logback [AsyncResolver-bootstrap-executor-0] INFO  c.n.d.s.r.aws.ConfigClusterResolver - Resolving eureka endpoints via configuration
00:38:41.522 logback [AsyncResolver-bootstrap-executor-0] INFO  c.n.d.s.r.aws.ConfigClusterResolver - Resolving eureka endpoints via configuration
00:43:41.523 logback [AsyncResolver-bootstrap-executor-0] INFO  c.n.d.s.r.aws.ConfigClusterResolver - Resolving eureka endpoints via configuration
00:48:41.524 logback [AsyncResolver-bootstrap-executor-0] INFO  c.n.d.s.r.aws.ConfigClusterResolver - Resolving eureka endpoints via configuration
00:53:41.525 logback [AsyncResolver-bootstrap-executor-0] INFO  c.n.d.s.r.aws.ConfigClusterResolver - Resolving eureka endpoints via configuration
00:58:41.526 logback [AsyncResolver-bootstrap-executor-0] INFO  c.n.d.s.r.aws.ConfigClusterResolver - Resolving eureka endpoints via configuration
01:00:00.006 logback [pool-8-thread-1] INFO  c.neo.controller.ScheduleController - 成功更新过期服务包
01:03:41.527 logback [AsyncResolver-bootstrap-executor-0] INFO  c.n.d.s.r.aws.ConfigClusterResolver - Resolving eureka endpoints via configuration
01:08:41.528 logback [AsyncResolver-bootstrap-executor-0] INFO  c.n.d.s.r.aws.ConfigClusterResolver - Resolving eureka endpoints via configuration
01:13:41.529 logback [AsyncResolver-bootstrap-executor-0] INFO  c.n.d.s.r.aws.ConfigClusterResolver - Resolving eureka endpoints via configuration
01:18:41.530 logback [AsyncResolver-bootstrap-executor-0] INFO  c.n.d.s.r.aws.ConfigClusterResolver - Resolving eureka endpoints via configuration
01:23:41.530 logback [AsyncResolver-bootstrap-executor-0] INFO  c.n.d.s.r.aws.ConfigClusterResolver - Resolving eureka endpoints via configuration
01:28:41.531 logback [AsyncResolver-bootstrap-executor-0] INFO  c.n.d.s.r.aws.ConfigClusterResolver - Resolving eureka endpoints via configuration
01:33:41.535 logback [AsyncResolver-bootstrap-executor-0] INFO  c.n.d.s.r.aws.ConfigClusterResolver - Resolving eureka endpoints via configuration
01:38:41.536 logback [AsyncResolver-bootstrap-executor-0] INFO  c.n.d.s.r.aws.ConfigClusterResolver - Resolving eureka endpoints via configuration
01:43:41.537 logback [AsyncResolver-bootstrap-executor-0] INFO  c.n.d.s.r.aws.ConfigClusterResolver - Resolving eureka endpoints via configuration
01:48:41.538 logback [AsyncResolver-bootstrap-executor-0] INFO  c.n.d.s.r.aws.ConfigClusterResolver - Resolving eureka endpoints via configuration
01:53:41.540 logback [AsyncResolver-bootstrap-executor-0] INFO  c.n.d.s.r.aws.ConfigClusterResolver - Resolving eureka endpoints via configuration
01:58:41.541 logback [AsyncResolver-bootstrap-executor-0] INFO  c.n.d.s.r.aws.ConfigClusterResolver - Resolving eureka endpoints via configuration
02:00:00.012 logback [pool-8-thread-1] INFO  c.neo.controller.ScheduleController - 成功更新过期服务包
02:03:41.543 logback [AsyncResolver-bootstrap-executor-0] INFO  c.n.d.s.r.aws.ConfigClusterResolver - Resolving eureka endpoints via configuration
02:08:41.545 logback [AsyncResolver-bootstrap-executor-0] INFO  c.n.d.s.r.aws.ConfigClusterResolver - Resolving eureka endpoints via configuration
02:13:41.547 logback [AsyncResolver-bootstrap-executor-0] INFO  c.n.d.s.r.aws.ConfigClusterResolver - Resolving eureka endpoints via configuration
02:18:41.548 logback [AsyncResolver-bootstrap-executor-0] INFO  c.n.d.s.r.aws.ConfigClusterResolver - Resolving eureka endpoints via configuration
02:23:41.550 logback [AsyncResolver-bootstrap-executor-0] INFO  c.n.d.s.r.aws.ConfigClusterResolver - Resolving eureka endpoints via configuration
02:28:41.551 logback [AsyncResolver-bootstrap-executor-0] INFO  c.n.d.s.r.aws.ConfigClusterResolver - Resolving eureka endpoints via configuration
02:33:41.554 logback [AsyncResolver-bootstrap-executor-0] INFO  c.n.d.s.r.aws.ConfigClusterResolver - Resolving eureka endpoints via configuration
02:38:41.555 logback [AsyncResolver-bootstrap-executor-0] INFO  c.n.d.s.r.aws.ConfigClusterResolver - Resolving eureka endpoints via configuration
02:43:41.556 logback [AsyncResolver-bootstrap-executor-0] INFO  c.n.d.s.r.aws.ConfigClusterResolver - Resolving eureka endpoints via configuration
02:48:41.557 logback [AsyncResolver-bootstrap-executor-0] INFO  c.n.d.s.r.aws.ConfigClusterResolver - Resolving eureka endpoints via configuration
02:53:41.558 logback [AsyncResolver-bootstrap-executor-0] INFO  c.n.d.s.r.aws.ConfigClusterResolver - Resolving eureka endpoints via configuration
02:58:41.559 logback [AsyncResolver-bootstrap-executor-0] INFO  c.n.d.s.r.aws.ConfigClusterResolver - Resolving eureka endpoints via configuration
03:00:00.005 logback [pool-8-thread-1] INFO  c.neo.controller.ScheduleController - 成功更新过期服务包
03:03:41.560 logback [AsyncResolver-bootstrap-executor-0] INFO  c.n.d.s.r.aws.ConfigClusterResolver - Resolving eureka endpoints via configuration
03:08:41.561 logback [AsyncResolver-bootstrap-executor-0] INFO  c.n.d.s.r.aws.ConfigClusterResolver - Resolving eureka endpoints via configuration
03:13:41.563 logback [AsyncResolver-bootstrap-executor-0] INFO  c.n.d.s.r.aws.ConfigClusterResolver - Resolving eureka endpoints via configuration
03:18:41.565 logback [AsyncResolver-bootstrap-executor-0] INFO  c.n.d.s.r.aws.ConfigClusterResolver - Resolving eureka endpoints via configuration
03:23:41.566 logback [AsyncResolver-bootstrap-executor-0] INFO  c.n.d.s.r.aws.ConfigClusterResolver - Resolving eureka endpoints via configuration
03:28:41.567 logback [AsyncResolver-bootstrap-executor-0] INFO  c.n.d.s.r.aws.ConfigClusterResolver - Resolving eureka endpoints via configuration
03:33:41.569 logback [AsyncResolver-bootstrap-executor-0] INFO  c.n.d.s.r.aws.ConfigClusterResolver - Resolving eureka endpoints via configuration
03:38:41.570 logback [AsyncResolver-bootstrap-executor-0] INFO  c.n.d.s.r.aws.ConfigClusterResolver - Resolving eureka endpoints via configuration
03:43:41.570 logback [AsyncResolver-bootstrap-executor-0] INFO  c.n.d.s.r.aws.ConfigClusterResolver - Resolving eureka endpoints via configuration
03:48:41.572 logback [AsyncResolver-bootstrap-executor-0] INFO  c.n.d.s.r.aws.ConfigClusterResolver - Resolving eureka endpoints via configuration
03:53:41.573 logback [AsyncResolver-bootstrap-executor-0] INFO  c.n.d.s.r.aws.ConfigClusterResolver - Resolving eureka endpoints via configuration
03:58:41.574 logback [AsyncResolver-bootstrap-executor-0] INFO  c.n.d.s.r.aws.ConfigClusterResolver - Resolving eureka endpoints via configuration
04:00:00.005 logback [pool-8-thread-1] INFO  c.neo.controller.ScheduleController - 成功更新过期服务包
04:03:41.576 logback [AsyncResolver-bootstrap-executor-0] INFO  c.n.d.s.r.aws.ConfigClusterResolver - Resolving eureka endpoints via configuration
04:08:41.577 logback [AsyncResolver-bootstrap-executor-0] INFO  c.n.d.s.r.aws.ConfigClusterResolver - Resolving eureka endpoints via configuration
04:13:41.578 logback [AsyncResolver-bootstrap-executor-0] INFO  c.n.d.s.r.aws.ConfigClusterResolver - Resolving eureka endpoints via configuration
04:18:41.521 logback [AsyncResolver-bootstrap-executor-0] INFO  c.n.d.s.r.aws.ConfigClusterResolver - Resolving eureka endpoints via configuration
04:23:41.522 logback [AsyncResolver-bootstrap-executor-0] INFO  c.n.d.s.r.aws.ConfigClusterResolver - Resolving eureka endpoints via configuration
04:28:41.523 logback [AsyncResolver-bootstrap-executor-0] INFO  c.n.d.s.r.aws.ConfigClusterResolver - Resolving eureka endpoints via configuration
04:33:41.525 logback [AsyncResolver-bootstrap-executor-0] INFO  c.n.d.s.r.aws.ConfigClusterResolver - Resolving eureka endpoints via configuration
04:38:41.527 logback [AsyncResolver-bootstrap-executor-0] INFO  c.n.d.s.r.aws.ConfigClusterResolver - Resolving eureka endpoints via configuration
04:43:41.529 logback [AsyncResolver-bootstrap-executor-0] INFO  c.n.d.s.r.aws.ConfigClusterResolver - Resolving eureka endpoints via configuration
04:48:41.529 logback [AsyncResolver-bootstrap-executor-0] INFO  c.n.d.s.r.aws.ConfigClusterResolver - Resolving eureka endpoints via configuration
04:53:41.531 logback [AsyncResolver-bootstrap-executor-0] INFO  c.n.d.s.r.aws.ConfigClusterResolver - Resolving eureka endpoints via configuration
04:58:41.532 logback [AsyncResolver-bootstrap-executor-0] INFO  c.n.d.s.r.aws.ConfigClusterResolver - Resolving eureka endpoints via configuration
04:59:59.946 logback [pool-8-thread-1] INFO  c.neo.controller.ScheduleController - 成功更新过期服务包
05:03:41.533 logback [AsyncResolver-bootstrap-executor-0] INFO  c.n.d.s.r.aws.ConfigClusterResolver - Resolving eureka endpoints via configuration
05:08:41.534 logback [AsyncResolver-bootstrap-executor-0] INFO  c.n.d.s.r.aws.ConfigClusterResolver - Resolving eureka endpoints via configuration
05:13:41.536 logback [AsyncResolver-bootstrap-executor-0] INFO  c.n.d.s.r.aws.ConfigClusterResolver - Resolving eureka endpoints via configuration
05:18:41.538 logback [AsyncResolver-bootstrap-executor-0] INFO  c.n.d.s.r.aws.ConfigClusterResolver - Resolving eureka endpoints via configuration
05:23:41.539 logback [AsyncResolver-bootstrap-executor-0] INFO  c.n.d.s.r.aws.ConfigClusterResolver - Resolving eureka endpoints via configuration
05:28:41.540 logback [AsyncResolver-bootstrap-executor-0] INFO  c.n.d.s.r.aws.ConfigClusterResolver - Resolving eureka endpoints via configuration
05:33:41.542 logback [AsyncResolver-bootstrap-executor-0] INFO  c.n.d.s.r.aws.ConfigClusterResolver - Resolving eureka endpoints via configuration
05:38:41.544 logback [AsyncResolver-bootstrap-executor-0] INFO  c.n.d.s.r.aws.ConfigClusterResolver - Resolving eureka endpoints via configuration
05:43:41.545 logback [AsyncResolver-bootstrap-executor-0] INFO  c.n.d.s.r.aws.ConfigClusterResolver - Resolving eureka endpoints via configuration
05:48:41.546 logback [AsyncResolver-bootstrap-executor-0] INFO  c.n.d.s.r.aws.ConfigClusterResolver - Resolving eureka endpoints via configuration
05:53:41.548 logback [AsyncResolver-bootstrap-executor-0] INFO  c.n.d.s.r.aws.ConfigClusterResolver - Resolving eureka endpoints via configuration
05:58:41.549 logback [AsyncResolver-bootstrap-executor-0] INFO  c.n.d.s.r.aws.ConfigClusterResolver - Resolving eureka endpoints via configuration
05:59:59.998 logback [pool-8-thread-1] INFO  c.neo.controller.ScheduleController - 成功发送定时生成消息
06:00:00.003 logback [pool-8-thread-1] INFO  c.neo.controller.ScheduleController - 成功更新过期服务包
06:03:41.551 logback [AsyncResolver-bootstrap-executor-0] INFO  c.n.d.s.r.aws.ConfigClusterResolver - Resolving eureka endpoints via configuration
06:08:41.552 logback [AsyncResolver-bootstrap-executor-0] INFO  c.n.d.s.r.aws.ConfigClusterResolver - Resolving eureka endpoints via configuration
06:13:41.553 logback [AsyncResolver-bootstrap-executor-0] INFO  c.n.d.s.r.aws.ConfigClusterResolver - Resolving eureka endpoints via configuration
06:18:41.554 logback [AsyncResolver-bootstrap-executor-0] INFO  c.n.d.s.r.aws.ConfigClusterResolver - Resolving eureka endpoints via configuration
06:23:41.556 logback [AsyncResolver-bootstrap-executor-0] INFO  c.n.d.s.r.aws.ConfigClusterResolver - Resolving eureka endpoints via configuration
06:28:41.556 logback [AsyncResolver-bootstrap-executor-0] INFO  c.n.d.s.r.aws.ConfigClusterResolver - Resolving eureka endpoints via configuration
06:33:41.557 logback [AsyncResolver-bootstrap-executor-0] INFO  c.n.d.s.r.aws.ConfigClusterResolver - Resolving eureka endpoints via configuration
06:38:41.558 logback [AsyncResolver-bootstrap-executor-0] INFO  c.n.d.s.r.aws.ConfigClusterResolver - Resolving eureka endpoints via configuration
06:43:41.559 logback [AsyncResolver-bootstrap-executor-0] INFO  c.n.d.s.r.aws.ConfigClusterResolver - Resolving eureka endpoints via configuration
06:48:41.561 logback [AsyncResolver-bootstrap-executor-0] INFO  c.n.d.s.r.aws.ConfigClusterResolver - Resolving eureka endpoints via configuration
06:53:41.562 logback [AsyncResolver-bootstrap-executor-0] INFO  c.n.d.s.r.aws.ConfigClusterResolver - Resolving eureka endpoints via configuration
06:58:41.563 logback [AsyncResolver-bootstrap-executor-0] INFO  c.n.d.s.r.aws.ConfigClusterResolver - Resolving eureka endpoints via configuration
07:00:00.005 logback [pool-8-thread-1] INFO  c.neo.controller.ScheduleController - 成功更新过期服务包
07:03:41.565 logback [AsyncResolver-bootstrap-executor-0] INFO  c.n.d.s.r.aws.ConfigClusterResolver - Resolving eureka endpoints via configuration
07:08:41.568 logback [AsyncResolver-bootstrap-executor-0] INFO  c.n.d.s.r.aws.ConfigClusterResolver - Resolving eureka endpoints via configuration
07:13:41.572 logback [AsyncResolver-bootstrap-executor-0] INFO  c.n.d.s.r.aws.ConfigClusterResolver - Resolving eureka endpoints via configuration
07:18:41.572 logback [AsyncResolver-bootstrap-executor-0] INFO  c.n.d.s.r.aws.ConfigClusterResolver - Resolving eureka endpoints via configuration
07:23:41.573 logback [AsyncResolver-bootstrap-executor-0] INFO  c.n.d.s.r.aws.ConfigClusterResolver - Resolving eureka endpoints via configuration
07:28:41.573 logback [AsyncResolver-bootstrap-executor-0] INFO  c.n.d.s.r.aws.ConfigClusterResolver - Resolving eureka endpoints via configuration
07:33:41.574 logback [AsyncResolver-bootstrap-executor-0] INFO  c.n.d.s.r.aws.ConfigClusterResolver - Resolving eureka endpoints via configuration
07:38:41.575 logback [AsyncResolver-bootstrap-executor-0] INFO  c.n.d.s.r.aws.ConfigClusterResolver - Resolving eureka endpoints via configuration
07:43:41.577 logback [AsyncResolver-bootstrap-executor-0] INFO  c.n.d.s.r.aws.ConfigClusterResolver - Resolving eureka endpoints via configuration
07:48:41.578 logback [AsyncResolver-bootstrap-executor-0] INFO  c.n.d.s.r.aws.ConfigClusterResolver - Resolving eureka endpoints via configuration
07:53:41.579 logback [AsyncResolver-bootstrap-executor-0] INFO  c.n.d.s.r.aws.ConfigClusterResolver - Resolving eureka endpoints via configuration
07:58:41.580 logback [AsyncResolver-bootstrap-executor-0] INFO  c.n.d.s.r.aws.ConfigClusterResolver - Resolving eureka endpoints via configuration
08:00:00.004 logback [pool-8-thread-1] INFO  c.neo.controller.ScheduleController - 成功更新过期服务包
08:03:41.581 logback [AsyncResolver-bootstrap-executor-0] INFO  c.n.d.s.r.aws.ConfigClusterResolver - Resolving eureka endpoints via configuration
08:08:41.583 logback [AsyncResolver-bootstrap-executor-0] INFO  c.n.d.s.r.aws.ConfigClusterResolver - Resolving eureka endpoints via configuration
08:13:41.584 logback [AsyncResolver-bootstrap-executor-0] INFO  c.n.d.s.r.aws.ConfigClusterResolver - Resolving eureka endpoints via configuration
08:18:41.584 logback [AsyncResolver-bootstrap-executor-0] INFO  c.n.d.s.r.aws.ConfigClusterResolver - Resolving eureka endpoints via configuration
08:23:41.585 logback [AsyncResolver-bootstrap-executor-0] INFO  c.n.d.s.r.aws.ConfigClusterResolver - Resolving eureka endpoints via configuration
08:28:41.586 logback [AsyncResolver-bootstrap-executor-0] INFO  c.n.d.s.r.aws.ConfigClusterResolver - Resolving eureka endpoints via configuration
08:33:41.586 logback [AsyncResolver-bootstrap-executor-0] INFO  c.n.d.s.r.aws.ConfigClusterResolver - Resolving eureka endpoints via configuration
08:38:41.587 logback [AsyncResolver-bootstrap-executor-0] INFO  c.n.d.s.r.aws.ConfigClusterResolver - Resolving eureka endpoints via configuration
08:43:41.588 logback [AsyncResolver-bootstrap-executor-0] INFO  c.n.d.s.r.aws.ConfigClusterResolver - Resolving eureka endpoints via configuration
08:48:41.589 logback [AsyncResolver-bootstrap-executor-0] INFO  c.n.d.s.r.aws.ConfigClusterResolver - Resolving eureka endpoints via configuration
08:53:41.590 logback [AsyncResolver-bootstrap-executor-0] INFO  c.n.d.s.r.aws.ConfigClusterResolver - Resolving eureka endpoints via configuration
08:58:41.591 logback [AsyncResolver-bootstrap-executor-0] INFO  c.n.d.s.r.aws.ConfigClusterResolver - Resolving eureka endpoints via configuration
09:00:00.009 logback [pool-8-thread-1] INFO  c.neo.controller.ScheduleController - 成功更新过期服务包
09:03:41.593 logback [AsyncResolver-bootstrap-executor-0] INFO  c.n.d.s.r.aws.ConfigClusterResolver - Resolving eureka endpoints via configuration
09:08:41.594 logback [AsyncResolver-bootstrap-executor-0] INFO  c.n.d.s.r.aws.ConfigClusterResolver - Resolving eureka endpoints via configuration
09:13:41.595 logback [AsyncResolver-bootstrap-executor-0] INFO  c.n.d.s.r.aws.ConfigClusterResolver - Resolving eureka endpoints via configuration
09:18:41.596 logback [AsyncResolver-bootstrap-executor-0] INFO  c.n.d.s.r.aws.ConfigClusterResolver - Resolving eureka endpoints via configuration
09:23:41.596 logback [AsyncResolver-bootstrap-executor-0] INFO  c.n.d.s.r.aws.ConfigClusterResolver - Resolving eureka endpoints via configuration
09:28:41.597 logback [AsyncResolver-bootstrap-executor-0] INFO  c.n.d.s.r.aws.ConfigClusterResolver - Resolving eureka endpoints via configuration
09:33:41.598 logback [AsyncResolver-bootstrap-executor-0] INFO  c.n.d.s.r.aws.ConfigClusterResolver - Resolving eureka endpoints via configuration
09:38:41.599 logback [AsyncResolver-bootstrap-executor-0] INFO  c.n.d.s.r.aws.ConfigClusterResolver - Resolving eureka endpoints via configuration
09:43:41.600 logback [AsyncResolver-bootstrap-executor-0] INFO  c.n.d.s.r.aws.ConfigClusterResolver - Resolving eureka endpoints via configuration
09:48:41.601 logback [AsyncResolver-bootstrap-executor-0] INFO  c.n.d.s.r.aws.ConfigClusterResolver - Resolving eureka endpoints via configuration
09:53:41.602 logback [AsyncResolver-bootstrap-executor-0] INFO  c.n.d.s.r.aws.ConfigClusterResolver - Resolving eureka endpoints via configuration
09:58:41.603 logback [AsyncResolver-bootstrap-executor-0] INFO  c.n.d.s.r.aws.ConfigClusterResolver - Resolving eureka endpoints via configuration
10:00:00.003 logback [pool-8-thread-1] INFO  c.neo.controller.ScheduleController - 成功更新过期服务包
10:03:41.604 logback [AsyncResolver-bootstrap-executor-0] INFO  c.n.d.s.r.aws.ConfigClusterResolver - Resolving eureka endpoints via configuration
10:08:41.606 logback [AsyncResolver-bootstrap-executor-0] INFO  c.n.d.s.r.aws.ConfigClusterResolver - Resolving eureka endpoints via configuration
10:13:41.607 logback [AsyncResolver-bootstrap-executor-0] INFO  c.n.d.s.r.aws.ConfigClusterResolver - Resolving eureka endpoints via configuration
10:18:41.608 logback [AsyncResolver-bootstrap-executor-0] INFO  c.n.d.s.r.aws.ConfigClusterResolver - Resolving eureka endpoints via configuration
10:23:41.610 logback [AsyncResolver-bootstrap-executor-0] INFO  c.n.d.s.r.aws.ConfigClusterResolver - Resolving eureka endpoints via configuration
10:28:41.611 logback [AsyncResolver-bootstrap-executor-0] INFO  c.n.d.s.r.aws.ConfigClusterResolver - Resolving eureka endpoints via configuration
10:33:41.612 logback [AsyncResolver-bootstrap-executor-0] INFO  c.n.d.s.r.aws.ConfigClusterResolver - Resolving eureka endpoints via configuration
10:38:41.613 logback [AsyncResolver-bootstrap-executor-0] INFO  c.n.d.s.r.aws.ConfigClusterResolver - Resolving eureka endpoints via configuration
10:43:41.613 logback [AsyncResolver-bootstrap-executor-0] INFO  c.n.d.s.r.aws.ConfigClusterResolver - Resolving eureka endpoints via configuration
10:48:41.614 logback [AsyncResolver-bootstrap-executor-0] INFO  c.n.d.s.r.aws.ConfigClusterResolver - Resolving eureka endpoints via configuration
10:53:41.616 logback [AsyncResolver-bootstrap-executor-0] INFO  c.n.d.s.r.aws.ConfigClusterResolver - Resolving eureka endpoints via configuration
10:58:41.620 logback [AsyncResolver-bootstrap-executor-0] INFO  c.n.d.s.r.aws.ConfigClusterResolver - Resolving eureka endpoints via configuration
11:00:00.019 logback [pool-8-thread-1] INFO  c.neo.controller.ScheduleController - 成功更新过期服务包
11:03:41.622 logback [AsyncResolver-bootstrap-executor-0] INFO  c.n.d.s.r.aws.ConfigClusterResolver - Resolving eureka endpoints via configuration
11:08:41.624 logback [AsyncResolver-bootstrap-executor-0] INFO  c.n.d.s.r.aws.ConfigClusterResolver - Resolving eureka endpoints via configuration
11:13:41.625 logback [AsyncResolver-bootstrap-executor-0] INFO  c.n.d.s.r.aws.ConfigClusterResolver - Resolving eureka endpoints via configuration
11:18:41.627 logback [AsyncResolver-bootstrap-executor-0] INFO  c.n.d.s.r.aws.ConfigClusterResolver - Resolving eureka endpoints via configuration
11:23:41.643 logback [AsyncResolver-bootstrap-executor-0] INFO  c.n.d.s.r.aws.ConfigClusterResolver - Resolving eureka endpoints via configuration
11:28:41.645 logback [AsyncResolver-bootstrap-executor-0] INFO  c.n.d.s.r.aws.ConfigClusterResolver - Resolving eureka endpoints via configuration
11:33:41.646 logback [AsyncResolver-bootstrap-executor-0] INFO  c.n.d.s.r.aws.ConfigClusterResolver - Resolving eureka endpoints via configuration
11:38:41.648 logback [AsyncResolver-bootstrap-executor-0] INFO  c.n.d.s.r.aws.ConfigClusterResolver - Resolving eureka endpoints via configuration
11:43:41.649 logback [AsyncResolver-bootstrap-executor-0] INFO  c.n.d.s.r.aws.ConfigClusterResolver - Resolving eureka endpoints via configuration
11:48:41.650 logback [AsyncResolver-bootstrap-executor-0] INFO  c.n.d.s.r.aws.ConfigClusterResolver - Resolving eureka endpoints via configuration
11:53:41.651 logback [AsyncResolver-bootstrap-executor-0] INFO  c.n.d.s.r.aws.ConfigClusterResolver - Resolving eureka endpoints via configuration
11:58:41.657 logback [AsyncResolver-bootstrap-executor-0] INFO  c.n.d.s.r.aws.ConfigClusterResolver - Resolving eureka endpoints via configuration
12:00:00.018 logback [pool-8-thread-1] INFO  c.neo.controller.ScheduleController - 成功更新过期服务包
12:03:41.659 logback [AsyncResolver-bootstrap-executor-0] INFO  c.n.d.s.r.aws.ConfigClusterResolver - Resolving eureka endpoints via configuration
12:08:41.659 logback [AsyncResolver-bootstrap-executor-0] INFO  c.n.d.s.r.aws.ConfigClusterResolver - Resolving eureka endpoints via configuration
12:13:41.661 logback [AsyncResolver-bootstrap-executor-0] INFO  c.n.d.s.r.aws.ConfigClusterResolver - Resolving eureka endpoints via configuration
12:18:41.662 logback [AsyncResolver-bootstrap-executor-0] INFO  c.n.d.s.r.aws.ConfigClusterResolver - Resolving eureka endpoints via configuration
12:23:41.662 logback [AsyncResolver-bootstrap-executor-0] INFO  c.n.d.s.r.aws.ConfigClusterResolver - Resolving eureka endpoints via configuration
12:28:41.665 logback [AsyncResolver-bootstrap-executor-0] INFO  c.n.d.s.r.aws.ConfigClusterResolver - Resolving eureka endpoints via configuration
12:33:41.667 logback [AsyncResolver-bootstrap-executor-0] INFO  c.n.d.s.r.aws.ConfigClusterResolver - Resolving eureka endpoints via configuration
12:38:41.667 logback [AsyncResolver-bootstrap-executor-0] INFO  c.n.d.s.r.aws.ConfigClusterResolver - Resolving eureka endpoints via configuration
12:43:41.669 logback [AsyncResolver-bootstrap-executor-0] INFO  c.n.d.s.r.aws.ConfigClusterResolver - Resolving eureka endpoints via configuration
12:48:41.671 logback [AsyncResolver-bootstrap-executor-0] INFO  c.n.d.s.r.aws.ConfigClusterResolver - Resolving eureka endpoints via configuration
12:53:41.672 logback [AsyncResolver-bootstrap-executor-0] INFO  c.n.d.s.r.aws.ConfigClusterResolver - Resolving eureka endpoints via configuration
12:58:41.673 logback [AsyncResolver-bootstrap-executor-0] INFO  c.n.d.s.r.aws.ConfigClusterResolver - Resolving eureka endpoints via configuration
13:00:00.019 logback [pool-8-thread-1] INFO  c.neo.controller.ScheduleController - 成功更新过期服务包
13:03:38.937 logback [restartedMain] INFO  o.s.c.a.AnnotationConfigApplicationContext - Refreshing org.springframework.context.annotation.AnnotationConfigApplicationContext@2238c104: startup date [Fri Mar 30 13:03:38 CST 2018]; root of context hierarchy
13:03:39.128 logback [background-preinit] INFO  o.h.validator.internal.util.Version - HV000001: Hibernate Validator 5.2.4.Final
13:03:39.383 logback [restartedMain] INFO  o.s.b.f.a.AutowiredAnnotationBeanPostProcessor - JSR-330 'javax.inject.Inject' annotation found and supported for autowiring
13:03:39.444 logback [restartedMain] INFO  o.s.c.s.PostProcessorRegistrationDelegate$BeanPostProcessorChecker - Bean 'configurationPropertiesRebinderAutoConfiguration' of type [class org.springframework.cloud.autoconfigure.ConfigurationPropertiesRebinderAutoConfiguration$$EnhancerBySpringCGLIB$$35edc3af] is not eligible for getting processed by all BeanPostProcessors (for example: not eligible for auto-proxying)
13:03:40.607 logback [restartedMain] INFO  com.neo.Application - No active profile set, falling back to default profiles: default
13:03:40.649 logback [restartedMain] INFO  o.s.b.c.e.AnnotationConfigEmbeddedWebApplicationContext - Refreshing org.springframework.boot.context.embedded.AnnotationConfigEmbeddedWebApplicationContext@69528b8a: startup date [Fri Mar 30 13:03:40 CST 2018]; parent: org.springframework.context.annotation.AnnotationConfigApplicationContext@2238c104
13:03:45.693 logback [restartedMain] INFO  o.s.d.r.c.RepositoryConfigurationDelegate - Multiple Spring Data modules found, entering strict repository configuration mode!
13:03:46.457 logback [restartedMain] INFO  o.s.cloud.context.scope.GenericScope - BeanFactory id=2f8a9f73-c0d6-3a21-a492-05862e7c02fe
13:03:46.650 logback [restartedMain] INFO  o.s.b.f.a.AutowiredAnnotationBeanPostProcessor - JSR-330 'javax.inject.Inject' annotation found and supported for autowiring
13:03:46.799 logback [restartedMain] INFO  o.s.c.s.PostProcessorRegistrationDelegate$BeanPostProcessorChecker - Bean 'redisCacheConfig' of type [class com.neo.config.RedisCacheConfig$$EnhancerBySpringCGLIB$$bdce6949] is not eligible for getting processed by all BeanPostProcessors (for example: not eligible for auto-proxying)
13:03:46.817 logback [restartedMain] INFO  o.s.c.s.PostProcessorRegistrationDelegate$BeanPostProcessorChecker - Bean 'org.springframework.transaction.annotation.ProxyTransactionManagementConfiguration' of type [class org.springframework.transaction.annotation.ProxyTransactionManagementConfiguration$$EnhancerBySpringCGLIB$$19d3c0b2] is not eligible for getting processed by all BeanPostProcessors (for example: not eligible for auto-proxying)
13:03:46.891 logback [restartedMain] INFO  o.s.c.s.PostProcessorRegistrationDelegate$BeanPostProcessorChecker - Bean 'org.springframework.cache.annotation.ProxyCachingConfiguration' of type [class org.springframework.cache.annotation.ProxyCachingConfiguration$$EnhancerBySpringCGLIB$$62e5f6d0] is not eligible for getting processed by all BeanPostProcessors (for example: not eligible for auto-proxying)
13:03:46.973 logback [restartedMain] INFO  o.s.c.s.PostProcessorRegistrationDelegate$BeanPostProcessorChecker - Bean 'org.springframework.cloud.autoconfigure.ConfigurationPropertiesRebinderAutoConfiguration' of type [class org.springframework.cloud.autoconfigure.ConfigurationPropertiesRebinderAutoConfiguration$$EnhancerBySpringCGLIB$$35edc3af] is not eligible for getting processed by all BeanPostProcessors (for example: not eligible for auto-proxying)
13:03:48.064 logback [restartedMain] INFO  o.s.b.c.e.t.TomcatEmbeddedServletContainer - Tomcat initialized with port(s): 1601 (http)
13:03:48.085 logback [restartedMain] INFO  o.a.catalina.core.StandardService - Starting service Tomcat
13:03:48.087 logback [restartedMain] INFO  o.a.catalina.core.StandardEngine - Starting Servlet Engine: Apache Tomcat/8.5.5
13:03:48.349 logback [localhost-startStop-1] INFO  o.a.c.c.C.[Tomcat].[localhost].[/] - Initializing Spring embedded WebApplicationContext
13:03:48.350 logback [localhost-startStop-1] INFO  o.s.web.context.ContextLoader - Root WebApplicationContext: initialization completed in 7701 ms
13:03:48.933 logback [localhost-startStop-1] INFO  o.s.b.w.s.ServletRegistrationBean - Mapping servlet: 'dispatcherServlet' to [/]
13:03:48.935 logback [localhost-startStop-1] INFO  o.s.b.w.s.ServletRegistrationBean - Mapping servlet: 'com.neo.config.DruidStatViewServlet' to [/druid/*]
13:03:48.946 logback [localhost-startStop-1] INFO  o.s.b.w.s.FilterRegistrationBean - Mapping filter: 'characterEncodingFilter' to: [/*]
13:03:48.947 logback [localhost-startStop-1] INFO  o.s.b.w.s.FilterRegistrationBean - Mapping filter: 'hiddenHttpMethodFilter' to: [/*]
13:03:48.947 logback [localhost-startStop-1] INFO  o.s.b.w.s.FilterRegistrationBean - Mapping filter: 'httpPutFormContentFilter' to: [/*]
13:03:48.947 logback [localhost-startStop-1] INFO  o.s.b.w.s.FilterRegistrationBean - Mapping filter: 'requestContextFilter' to: [/*]
13:03:48.947 logback [localhost-startStop-1] INFO  o.s.b.w.s.FilterRegistrationBean - Mapping filter: 'druidWebStatFilter' to urls: [/*]
13:03:52.118 logback [restartedMain] INFO  o.s.w.s.m.m.a.RequestMappingHandlerAdapter - Looking for @ControllerAdvice: org.springframework.boot.context.embedded.AnnotationConfigEmbeddedWebApplicationContext@69528b8a: startup date [Fri Mar 30 13:03:40 GMT+08:00 2018]; parent: org.springframework.context.annotation.AnnotationConfigApplicationContext@2238c104
13:03:52.557 logback [restartedMain] INFO  o.s.w.s.m.m.a.RequestMappingHandlerMapping - Mapped "{[/doctor/register],methods=[POST]}" onto public java.lang.String com.neo.controller.DoctorController.register(java.lang.String,java.lang.String,java.lang.String)
13:03:52.559 logback [restartedMain] INFO  o.s.w.s.m.m.a.RequestMappingHandlerMapping - Mapped "{[/doctor/updateintroduction],methods=[POST]}" onto public java.lang.String com.neo.controller.DoctorController.updateIntroduction(java.lang.String,java.lang.String,java.lang.String)
13:03:52.559 logback [restartedMain] INFO  o.s.w.s.m.m.a.RequestMappingHandlerMapping - Mapped "{[/doctor/getevaluationunread]}" onto public int com.neo.controller.DoctorController.getEvaluationUnread(java.lang.String)
13:03:52.560 logback [restartedMain] INFO  o.s.w.s.m.m.a.RequestMappingHandlerMapping - Mapped "{[/doctor/groupsendinghistory]}" onto public java.util.List<com.neo.entity.DoctorGroupSendingEntity> com.neo.controller.DoctorController.groupSendingHistory(java.lang.String)
13:03:52.560 logback [restartedMain] INFO  o.s.w.s.m.m.a.RequestMappingHandlerMapping - Mapped "{[/doctor/updatedoctorinfodetails],methods=[POST]}" onto public java.lang.String com.neo.controller.DoctorController.updateDoctorInfoDetails(com.neo.entity.DoctorEntity)
13:03:52.561 logback [restartedMain] INFO  o.s.w.s.m.m.a.RequestMappingHandlerMapping - Mapped "{[/doctor/getpatientsbykind],methods=[POST]}" onto public java.util.List<com.neo.entity.PatientEntity> com.neo.controller.DoctorController.getPatientsByKind(java.lang.String,java.lang.String)
13:03:52.562 logback [restartedMain] INFO  o.s.w.s.m.m.a.RequestMappingHandlerMapping - Mapped "{[/doctor/getpatientbylabel],methods=[POST]}" onto public java.util.List<com.neo.entity.PatientEntity> com.neo.controller.DoctorController.getPatientsByLabel(java.lang.String,java.lang.String)
13:03:52.563 logback [restartedMain] INFO  o.s.w.s.m.m.a.RequestMappingHandlerMapping - Mapped "{[/doctor/getevaluationdetail],methods=[POST]}" onto public com.neo.entity.EvaluationEntity com.neo.controller.DoctorController.getEvaluationDetail(int)
13:03:52.563 logback [restartedMain] INFO  o.s.w.s.m.m.a.RequestMappingHandlerMapping - Mapped "{[/doctor/geteventremindunread]}" onto public int com.neo.controller.DoctorController.getEvenRemindUnread(java.lang.String)
13:03:52.563 logback [restartedMain] INFO  o.s.w.s.m.m.a.RequestMappingHandlerMapping - Mapped "{[/doctor/service]}" onto public java.util.List<com.neo.entity.DoctorServiceEntity> com.neo.controller.DoctorController.findDoctorService(java.lang.String)
13:03:52.565 logback [restartedMain] INFO  o.s.w.s.m.m.a.RequestMappingHandlerMapping - Mapped "{[/doctor/eventreminddelete],methods=[POST]}" onto public java.lang.String com.neo.controller.DoctorController.eventRemindDelete(int)
13:03:52.565 logback [restartedMain] INFO  o.s.w.s.m.m.a.RequestMappingHandlerMapping - Mapped "{[/doctor/groupsendingdelete]}" onto public java.lang.String com.neo.controller.DoctorController.groupSendingDelete(int)
13:03:52.565 logback [restartedMain] INFO  o.s.w.s.m.m.a.RequestMappingHandlerMapping - Mapped "{[/doctor/geteventreminddetail]}" onto public com.neo.entity.RemindersEntity com.neo.controller.DoctorController.getEventRemindDetail(int)
13:03:52.565 logback [restartedMain] INFO  o.s.w.s.m.m.a.RequestMappingHandlerMapping - Mapped "{[/doctor/deletepatientlabel],methods=[POST]}" onto public java.lang.String com.neo.controller.DoctorController.deleteLabelPatient(java.lang.String,java.lang.String,java.lang.String)
13:03:52.565 logback [restartedMain] INFO  o.s.w.s.m.m.a.RequestMappingHandlerMapping - Mapped "{[/doctor/findall]}" onto public java.util.List<com.neo.entity.DoctorEntity> com.neo.controller.DoctorController.findAllDoctor()
13:03:52.565 logback [restartedMain] INFO  o.s.w.s.m.m.a.RequestMappingHandlerMapping - Mapped "{[/doctor/deletelabel],methods=[POST]}" onto public java.lang.String com.neo.controller.DoctorController.deleteLabel(java.lang.String,java.lang.String,java.lang.String)
13:03:52.566 logback [restartedMain] INFO  o.s.w.s.m.m.a.RequestMappingHandlerMapping - Mapped "{[/doctor/deletetoken]}" onto public void com.neo.controller.DoctorController.deleteToken(java.lang.String)
13:03:52.566 logback [restartedMain] INFO  o.s.w.s.m.m.a.RequestMappingHandlerMapping - Mapped "{[/doctor/loginverify]}" onto public java.lang.Boolean com.neo.controller.DoctorController.loginVerify(java.lang.String,java.lang.String)
13:03:52.566 logback [restartedMain] INFO  o.s.w.s.m.m.a.RequestMappingHandlerMapping - Mapped "{[/doctor/getlabel],methods=[POST]}" onto public java.lang.String com.neo.controller.DoctorController.getLabel(java.lang.String)
13:03:52.566 logback [restartedMain] INFO  o.s.w.s.m.m.a.RequestMappingHandlerMapping - Mapped "{[/doctor/updatetoken]}" onto public java.lang.String com.neo.controller.DoctorController.updateToken(java.lang.String,java.lang.String)
13:03:52.566 logback [restartedMain] INFO  o.s.w.s.m.m.a.RequestMappingHandlerMapping - Mapped "{[/doctor/getpatient],methods=[GET]}" onto public com.neo.entity.PatientEntity com.neo.controller.DoctorController.getPatient(java.lang.String)
13:03:52.567 logback [restartedMain] INFO  o.s.w.s.m.m.a.RequestMappingHandlerMapping - Mapped "{[/doctor/selecttoken],methods=[GET]}" onto public java.lang.String com.neo.controller.DoctorController.selectToken(java.lang.String)
13:03:52.567 logback [restartedMain] INFO  o.s.w.s.m.m.a.RequestMappingHandlerMapping - Mapped "{[/doctor/geteventremind]}" onto public java.util.List<com.neo.entity.RemindersEntity> com.neo.controller.DoctorController.getEventRemind(java.lang.String)
13:03:52.567 logback [restartedMain] INFO  o.s.w.s.m.m.a.RequestMappingHandlerMapping - Mapped "{[/doctor/selectphonetoken]}" onto public java.lang.String com.neo.controller.DoctorController.selectPhonetoken(java.lang.String)
13:03:52.567 logback [restartedMain] INFO  o.s.w.s.m.m.a.RequestMappingHandlerMapping - Mapped "{[/doctor/savephonetoken]}" onto public java.lang.String com.neo.controller.DoctorController.savePhonetoken(java.lang.String,java.lang.String)
13:03:52.568 logback [restartedMain] INFO  o.s.w.s.m.m.a.RequestMappingHandlerMapping - Mapped "{[/doctor/addpatientlabel],methods=[POST]}" onto public java.lang.String com.neo.controller.DoctorController.addPatientLabel(java.lang.String,java.lang.String,java.lang.String)
13:03:52.568 logback [restartedMain] INFO  o.s.w.s.m.m.a.RequestMappingHandlerMapping - Mapped "{[/doctor/getevaluation],methods=[GET]}" onto public java.util.List<com.neo.entity.EvaluationEntity> com.neo.controller.DoctorController.getEvaluation(java.lang.String)
13:03:52.568 logback [restartedMain] INFO  o.s.w.s.m.m.a.RequestMappingHandlerMapping - Mapped "{[/doctor/updatehead],methods=[POST]}" onto public void com.neo.controller.DoctorController.updateHead(java.lang.String,java.lang.String)
13:03:52.568 logback [restartedMain] INFO  o.s.w.s.m.m.a.RequestMappingHandlerMapping - Mapped "{[/doctor/deleteevaluation],methods=[POST]}" onto public java.lang.String com.neo.controller.DoctorController.deleteEvaluation(int)
13:03:52.568 logback [restartedMain] INFO  o.s.w.s.m.m.a.RequestMappingHandlerMapping - Mapped "{[/doctor/groupsending],methods=[POST]}" onto public java.util.List<com.neo.entity.PatientGroupReceivingEntity> com.neo.controller.DoctorController.groupSending(com.neo.entity.DoctorGroupSendingEntity)
13:03:52.569 logback [restartedMain] INFO  o.s.w.s.m.m.a.RequestMappingHandlerMapping - Mapped "{[/doctor/findbyphone]}" onto public com.neo.entity.DoctorEntity com.neo.controller.DoctorController.selectByPhone(java.lang.String)
13:03:52.569 logback [restartedMain] INFO  o.s.w.s.m.m.a.RequestMappingHandlerMapping - Mapped "{[/doctor/updatepwd],methods=[POST]}" onto public java.lang.String com.neo.controller.DoctorController.updatePassword(java.lang.String,java.lang.String)
13:03:52.569 logback [restartedMain] INFO  o.s.w.s.m.m.a.RequestMappingHandlerMapping - Mapped "{[/doctor/software/get],methods=[GET]}" onto public com.neo.entity.SoftwareEntity com.neo.controller.DoctorController.getSoftware()
13:03:52.569 logback [restartedMain] INFO  o.s.w.s.m.m.a.RequestMappingHandlerMapping - Mapped "{[/doctor/suggestion/add],methods=[POST]}" onto public java.lang.String com.neo.controller.DoctorController.addSuggestion(com.neo.entity.SuggestionEntity)
13:03:52.573 logback [restartedMain] INFO  o.s.w.s.m.m.a.RequestMappingHandlerMapping - Mapped "{[/healthmanage/savebloodpressuretable]}" onto public java.lang.String com.neo.controller.HealthController.saveBloodPressureTable(com.neo.entity.BloodPressureEntity)
13:03:52.574 logback [restartedMain] INFO  o.s.w.s.m.m.a.RequestMappingHandlerMapping - Mapped "{[/healthmanage/getbloodpressuretable]}" onto public java.util.List<com.neo.entity.BloodPressureEntity> com.neo.controller.HealthController.getBloodPressureTable(java.lang.String,int,java.lang.String)
13:03:52.575 logback [restartedMain] INFO  o.s.w.s.m.m.a.RequestMappingHandlerMapping - Mapped "{[/healthmanage/savecardiogramtable]}" onto public java.lang.String com.neo.controller.HealthController.saveCardiogramTable(com.neo.entity.CardiogramEntity)
13:03:52.575 logback [restartedMain] INFO  o.s.w.s.m.m.a.RequestMappingHandlerMapping - Mapped "{[/healthmanage/findcardiogramtable]}" onto public java.util.List<com.neo.entity.CardiogramEntity> com.neo.controller.HealthController.findCardiogramTable(java.lang.String)
13:03:52.575 logback [restartedMain] INFO  o.s.w.s.m.m.a.RequestMappingHandlerMapping - Mapped "{[/healthmanage/deletecardiogram],methods=[POST]}" onto public java.lang.String com.neo.controller.HealthController.deleteCardiogramById(int)
13:03:52.577 logback [restartedMain] INFO  o.s.w.s.m.m.a.RequestMappingHandlerMapping - Mapped "{[/healthmanage/definemessage/setread]}" onto public java.lang.String com.neo.controller.HealthController.setDefineMessageRead(int)
13:03:52.577 logback [restartedMain] INFO  o.s.w.s.m.m.a.RequestMappingHandlerMapping - Mapped "{[/healthmanage/report/getbycount]}" onto public com.neo.entity.RiskReportEntity com.neo.controller.HealthController.getRiskReportByCount(java.lang.String,int)
13:03:52.577 logback [restartedMain] INFO  o.s.w.s.m.m.a.RequestMappingHandlerMapping - Mapped "{[/healthmanage/savemessageremind]}" onto public java.lang.String com.neo.controller.HealthController.saveMessageRemind(com.neo.entity.MessageRemindEntity)
13:03:52.577 logback [restartedMain] INFO  o.s.w.s.m.m.a.RequestMappingHandlerMapping - Mapped "{[/healthmanage/definemessage/getbyid]}" onto public com.neo.entity.DefinitionMessageEntity com.neo.controller.HealthController.getDefineMsgGetById(int)
13:03:52.577 logback [restartedMain] INFO  o.s.w.s.m.m.a.RequestMappingHandlerMapping - Mapped "{[/healthmanage/definemessage/unread/getnumber]}" onto public int com.neo.controller.HealthController.getDefineMsgUnreadNumber(java.lang.String)
13:03:52.579 logback [restartedMain] INFO  o.s.w.s.m.m.a.RequestMappingHandlerMapping - Mapped "{[/healthmanage/message/unread/getnumber]}" onto public int com.neo.controller.HealthController.getMessageUnreadNumber(java.lang.String)
13:03:52.580 logback [restartedMain] INFO  o.s.w.s.m.m.a.RequestMappingHandlerMapping - Mapped "{[/healthmanage/definemessage/delete]}" onto public java.lang.String com.neo.controller.HealthController.deleteDefineMsgById(int)
13:03:52.581 logback [restartedMain] INFO  o.s.w.s.m.m.a.RequestMappingHandlerMapping - Mapped "{[/healthmanage/savehealthtable]}" onto public java.lang.String com.neo.controller.HealthController.saveHealthTable(com.neo.entity.HealthCheckEntity)
13:03:52.581 logback [restartedMain] INFO  o.s.w.s.m.m.a.RequestMappingHandlerMapping - Mapped "{[/healthmanage/report/generate],methods=[POST]}" onto public java.lang.String com.neo.controller.HealthController.saveReport(java.lang.String)
13:03:52.581 logback [restartedMain] INFO  o.s.w.s.m.m.a.RequestMappingHandlerMapping - Mapped "{[/healthmanage/gethealthtable]}" onto public com.neo.entity.HealthCheckEntity com.neo.controller.HealthController.getHealthTable(java.lang.String)
13:03:52.583 logback [restartedMain] INFO  o.s.w.s.m.m.a.RequestMappingHandlerMapping - Mapped "{[/healthmanage/savebiologytable]}" onto public java.lang.String com.neo.controller.HealthController.saveBiologyTable(com.neo.entity.BiologyCheckEntity)
13:03:52.583 logback [restartedMain] INFO  o.s.w.s.m.m.a.RequestMappingHandlerMapping - Mapped "{[/healthmanage/bloodpressuretable/find]}" onto public java.lang.String com.neo.controller.HealthController.Findbloodhistory(java.lang.String)
13:03:52.583 logback [restartedMain] INFO  o.s.w.s.m.m.a.RequestMappingHandlerMapping - Mapped "{[/healthmanage/getbiologyinfo]}" onto public com.neo.entity.BiologyCheckEntity com.neo.controller.HealthController.getBiologyInfo(java.lang.String)
13:03:52.583 logback [restartedMain] INFO  o.s.w.s.m.m.a.RequestMappingHandlerMapping - Mapped "{[/healthmanage/definemessage/get]}" onto public java.util.List<com.neo.entity.DefinitionMessageEntity> com.neo.controller.HealthController.getDefineMsg(java.lang.String)
13:03:52.583 logback [restartedMain] INFO  o.s.w.s.m.m.a.RequestMappingHandlerMapping - Mapped "{[/healthmanage/getreportnumber]}" onto public java.lang.Integer com.neo.controller.HealthController.getReportNumber()
13:03:52.583 logback [restartedMain] INFO  o.s.w.s.m.m.a.RequestMappingHandlerMapping - Mapped "{[/healthmanage/definemessage],methods=[POST]}" onto public java.lang.String com.neo.controller.HealthController.defineMessage(com.neo.entity.DefinitionMessageEntity)
13:03:52.583 logback [restartedMain] INFO  o.s.w.s.m.m.a.RequestMappingHandlerMapping - Mapped "{[/healthmanage/message/setread]}" onto public java.lang.String com.neo.controller.HealthController.setMessageRead(int)
13:03:52.583 logback [restartedMain] INFO  o.s.w.s.m.m.a.RequestMappingHandlerMapping - Mapped "{[/healthmanage/message/getunread]}" onto public java.util.List<com.neo.entity.MessageListEntity> com.neo.controller.HealthController.getMessageUnread(java.lang.String)
13:03:52.583 logback [restartedMain] INFO  o.s.w.s.m.m.a.RequestMappingHandlerMapping - Mapped "{[/healthmanage/getnewestreport]}" onto public com.neo.entity.RiskReportEntity com.neo.controller.HealthController.getNewestReport(java.lang.String)
13:03:52.584 logback [restartedMain] INFO  o.s.w.s.m.m.a.RequestMappingHandlerMapping - Mapped "{[/healthmanage/report/getall]}" onto public java.util.List<com.neo.entity.RiskReportEntity> com.neo.controller.HealthController.getAllReport(java.lang.String)
13:03:52.584 logback [restartedMain] INFO  o.s.w.s.m.m.a.RequestMappingHandlerMapping - Mapped "{[/healthmanage/message/getbyid]}" onto public com.neo.entity.MessageRemindEntity com.neo.controller.HealthController.messageGetById(int)
13:03:52.587 logback [restartedMain] INFO  o.s.w.s.m.m.a.RequestMappingHandlerMapping - Mapped "{[/patient/updatepatient],methods=[POST]}" onto public com.neo.entity.PatientEntity com.neo.controller.PatientController.update(com.neo.entity.PatientEntity)
13:03:52.587 logback [restartedMain] INFO  o.s.w.s.m.m.a.RequestMappingHandlerMapping - Mapped "{[/patient/groupreceiving/unread]}" onto public int com.neo.controller.PatientController.getGroupReceivingUnread(java.lang.String)
13:03:52.588 logback [restartedMain] INFO  o.s.w.s.m.m.a.RequestMappingHandlerMapping - Mapped "{[/patient/messageboard/getpatientnewestmessage]}" onto public java.util.List<com.neo.entity.MessageBoardEntity> com.neo.controller.PatientController.getPatientNewestMessageBoards(java.lang.String)
13:03:52.588 logback [restartedMain] INFO  o.s.w.s.m.m.a.RequestMappingHandlerMapping - Mapped "{[/patient/groupreceiving/delete],methods=[POST]}" onto public java.lang.String com.neo.controller.PatientController.deleteGroupReceiving(int)
13:03:52.588 logback [restartedMain] INFO  o.s.w.s.m.m.a.RequestMappingHandlerMapping - Mapped "{[/patient/groupreceiving/list]}" onto public java.util.List<com.neo.entity.PatientGroupReceivingEntity> com.neo.controller.PatientController.getPatientGroupReceiving(java.lang.String)
13:03:52.589 logback [restartedMain] INFO  o.s.w.s.m.m.a.RequestMappingHandlerMapping - Mapped "{[/patient/messageboard/getdoctornewestmessage]}" onto public java.util.List<com.neo.entity.MessageBoardEntity> com.neo.controller.PatientController.getNewestMessageBoards(java.lang.String)
13:03:52.589 logback [restartedMain] INFO  o.s.w.s.m.m.a.RequestMappingHandlerMapping - Mapped "{[/patient/groupreceiving/setread],methods=[POST]}" onto public java.lang.String com.neo.controller.PatientController.setGroupReceivingRead(int)
13:03:52.589 logback [restartedMain] INFO  o.s.w.s.m.m.a.RequestMappingHandlerMapping - Mapped "{[/patient/messageboard/getonemessage]}" onto public java.util.List<com.neo.entity.MessageBoardEntity> com.neo.controller.PatientController.getOneMessageBoardAndReply(int,int)
13:03:52.589 logback [restartedMain] INFO  o.s.w.s.m.m.a.RequestMappingHandlerMapping - Mapped "{[/patient/messageboard/delete],methods=[POST]}" onto public java.lang.String com.neo.controller.PatientController.deletePatientMessageBoard(int,int)
13:03:52.589 logback [restartedMain] INFO  o.s.w.s.m.m.a.RequestMappingHandlerMapping - Mapped "{[/patient/groupreceiving/get],methods=[GET]}" onto public com.neo.entity.PatientGroupReceivingEntity com.neo.controller.PatientController.getGroupReceiving(int)
13:03:52.591 logback [restartedMain] INFO  o.s.w.s.m.m.a.RequestMappingHandlerMapping - Mapped "{[/patient/buyservice]}" onto public java.lang.String com.neo.controller.PatientController.buyService(java.lang.String,java.lang.String,java.util.List<java.lang.Integer>)
13:03:52.591 logback [restartedMain] INFO  o.s.w.s.m.m.a.RequestMappingHandlerMapping - Mapped "{[/patient/evaluate]}" onto public java.lang.String com.neo.controller.PatientController.evaluateDoctor(com.neo.entity.EvaluationEntity)
13:03:52.591 logback [restartedMain] INFO  o.s.w.s.m.m.a.RequestMappingHandlerMapping - Mapped "{[/patient/findmyservice]}" onto public java.util.List<com.neo.entity.PurchasedServiceEntity> com.neo.controller.PatientController.findMyService(java.lang.String)
13:03:52.592 logback [restartedMain] INFO  o.s.w.s.m.m.a.RequestMappingHandlerMapping - Mapped "{[/patient/savedetail],methods=[POST]}" onto public com.neo.entity.PatientEntity com.neo.controller.PatientController.savePatient(com.neo.entity.PatientEntity)
13:03:52.592 logback [restartedMain] INFO  o.s.w.s.m.m.a.RequestMappingHandlerMapping - Mapped "{[/patient/findmydoctor]}" onto public java.lang.String com.neo.controller.PatientController.findMyDoctor(java.lang.String)
13:03:52.592 logback [restartedMain] INFO  o.s.w.s.m.m.a.RequestMappingHandlerMapping - Mapped "{[/patient/messageboard/set],methods=[POST]}" onto public java.lang.String com.neo.controller.PatientController.setMessageBoard(com.neo.entity.MessageBoardEntity)
13:03:52.592 logback [restartedMain] INFO  o.s.w.s.m.m.a.RequestMappingHandlerMapping - Mapped "{[/patient/watchdoctor],methods=[POST]}" onto public java.lang.String com.neo.controller.PatientController.watchDoctor(java.lang.String,java.lang.String)
13:03:52.593 logback [restartedMain] INFO  o.s.w.s.m.m.a.RequestMappingHandlerMapping - Mapped "{[/patient/contact/suggest],methods=[POST]}" onto public java.lang.String com.neo.controller.PatientController.suggest(com.neo.entity.SuggestionEntity)
13:03:52.593 logback [restartedMain] INFO  o.s.w.s.m.m.a.RequestMappingHandlerMapping - Mapped "{[/patient/findbywechatid]}" onto public com.neo.entity.PatientEntity com.neo.controller.PatientController.selectById(java.lang.String)
13:03:52.593 logback [restartedMain] INFO  o.s.w.s.m.m.a.RequestMappingHandlerMapping - Mapped "{[/service/findbylist]}" onto public java.util.List<com.neo.entity.ServiceEntity> com.neo.controller.ServiceController.findService(java.util.List<java.lang.Integer>)
13:03:52.596 logback [restartedMain] INFO  o.s.w.s.m.m.a.RequestMappingHandlerMapping - Mapped "{[/error]}" onto public org.springframework.http.ResponseEntity<java.util.Map<java.lang.String, java.lang.Object>> org.springframework.boot.autoconfigure.web.BasicErrorController.error(javax.servlet.http.HttpServletRequest)
13:03:52.596 logback [restartedMain] INFO  o.s.w.s.m.m.a.RequestMappingHandlerMapping - Mapped "{[/error],produces=[text/html]}" onto public org.springframework.web.servlet.ModelAndView org.springframework.boot.autoconfigure.web.BasicErrorController.errorHtml(javax.servlet.http.HttpServletRequest,javax.servlet.http.HttpServletResponse)
13:03:52.726 logback [restartedMain] INFO  o.s.w.s.h.SimpleUrlHandlerMapping - Mapped URL path [/webjars/**] onto handler of type [class org.springframework.web.servlet.resource.ResourceHttpRequestHandler]
13:03:52.726 logback [restartedMain] INFO  o.s.w.s.h.SimpleUrlHandlerMapping - Mapped URL path [/**] onto handler of type [class org.springframework.web.servlet.resource.ResourceHttpRequestHandler]
13:03:52.918 logback [restartedMain] INFO  o.s.w.s.h.SimpleUrlHandlerMapping - Mapped URL path [/**/favicon.ico] onto handler of type [class org.springframework.web.servlet.resource.ResourceHttpRequestHandler]
13:03:54.317 logback [restartedMain] WARN  o.s.b.d.a.OptionalLiveReloadServer - Unable to start LiveReload server
13:03:54.588 logback [restartedMain] WARN  c.n.c.sources.URLConfigurationSource - No URLs will be polled as dynamic configuration sources.
13:03:54.589 logback [restartedMain] INFO  c.n.c.sources.URLConfigurationSource - To enable URLs as dynamic configuration sources, define System property archaius.configurationSource.additionalUrls or make config.properties available on classpath.
13:03:54.600 logback [restartedMain] WARN  c.n.c.sources.URLConfigurationSource - No URLs will be polled as dynamic configuration sources.
13:03:54.600 logback [restartedMain] INFO  c.n.c.sources.URLConfigurationSource - To enable URLs as dynamic configuration sources, define System property archaius.configurationSource.additionalUrls or make config.properties available on classpath.
13:03:54.758 logback [restartedMain] INFO  o.s.j.e.a.AnnotationMBeanExporter - Registering beans for JMX exposure on startup
13:03:54.760 logback [restartedMain] INFO  o.s.j.e.a.AnnotationMBeanExporter - Bean with name 'druidDataSource' has been autodetected for JMX exposure
13:03:54.773 logback [restartedMain] INFO  o.s.j.e.a.AnnotationMBeanExporter - Bean with name 'environmentManager' has been autodetected for JMX exposure
13:03:54.776 logback [restartedMain] INFO  o.s.j.e.a.AnnotationMBeanExporter - Bean with name 'configurationPropertiesRebinder' has been autodetected for JMX exposure
13:03:54.777 logback [restartedMain] INFO  o.s.j.e.a.AnnotationMBeanExporter - Bean with name 'refreshScope' has been autodetected for JMX exposure
13:03:54.780 logback [restartedMain] INFO  o.s.j.e.a.AnnotationMBeanExporter - Located managed bean 'environmentManager': registering with JMX server as MBean [org.springframework.cloud.context.environment:name=environmentManager,type=EnvironmentManager]
13:03:54.806 logback [restartedMain] INFO  o.s.j.e.a.AnnotationMBeanExporter - Located managed bean 'refreshScope': registering with JMX server as MBean [org.springframework.cloud.context.scope.refresh:name=refreshScope,type=RefreshScope]
13:03:54.834 logback [restartedMain] INFO  o.s.j.e.a.AnnotationMBeanExporter - Located managed bean 'configurationPropertiesRebinder': registering with JMX server as MBean [org.springframework.cloud.context.properties:name=configurationPropertiesRebinder,context=69528b8a,type=ConfigurationPropertiesRebinder]
13:03:54.848 logback [restartedMain] INFO  o.s.j.e.a.AnnotationMBeanExporter - Located MBean 'druidDataSource': registering with JMX server as MBean [com.alibaba.druid.pool:name=druidDataSource,type=DruidDataSource]
13:03:55.854 logback [restartedMain] INFO  o.s.c.s.DefaultLifecycleProcessor - Starting beans in phase 0
13:03:55.869 logback [restartedMain] INFO  o.s.c.n.eureka.InstanceInfoFactory - Setting initial instance status as: STARTING
13:03:55.979 logback [restartedMain] INFO  c.netflix.discovery.DiscoveryClient - Initializing Eureka in region us-east-1
13:03:56.230 logback [restartedMain] INFO  c.n.d.p.DiscoveryJerseyProvider - Using JSON encoding codec LegacyJacksonJson
13:03:56.231 logback [restartedMain] INFO  c.n.d.p.DiscoveryJerseyProvider - Using JSON decoding codec LegacyJacksonJson
13:03:56.456 logback [restartedMain] INFO  c.n.d.p.DiscoveryJerseyProvider - Using XML encoding codec XStreamXml
13:03:56.456 logback [restartedMain] INFO  c.n.d.p.DiscoveryJerseyProvider - Using XML decoding codec XStreamXml
13:03:56.849 logback [restartedMain] INFO  c.n.d.s.r.aws.ConfigClusterResolver - Resolving eureka endpoints via configuration
13:03:57.074 logback [restartedMain] INFO  c.netflix.discovery.DiscoveryClient - Disable delta property : false
13:03:57.074 logback [restartedMain] INFO  c.netflix.discovery.DiscoveryClient - Single vip registry refresh property : null
13:03:57.074 logback [restartedMain] INFO  c.netflix.discovery.DiscoveryClient - Force full registry fetch : false
13:03:57.074 logback [restartedMain] INFO  c.netflix.discovery.DiscoveryClient - Application is null : false
13:03:57.074 logback [restartedMain] INFO  c.netflix.discovery.DiscoveryClient - Registered Applications size is zero : true
13:03:57.075 logback [restartedMain] INFO  c.netflix.discovery.DiscoveryClient - Application version is -1: true
13:03:57.075 logback [restartedMain] INFO  c.netflix.discovery.DiscoveryClient - Getting all instance registry info from the eureka server
13:03:57.472 logback [restartedMain] INFO  c.netflix.discovery.DiscoveryClient - The response status is 200
13:03:57.476 logback [restartedMain] INFO  c.netflix.discovery.DiscoveryClient - Starting heartbeat executor: renew interval is: 10
13:03:57.481 logback [restartedMain] INFO  c.n.discovery.InstanceInfoReplicator - InstanceInfoReplicator onDemand update allowed rate per min is 4
13:03:57.486 logback [restartedMain] INFO  c.netflix.discovery.DiscoveryClient - Discovery Client initialized at timestamp 1522386237486 with initial instances count: 4
13:03:57.547 logback [restartedMain] INFO  o.s.c.n.e.s.EurekaServiceRegistry - Registering application microservice-jiayibilin-mySql with eureka with status UP
13:03:57.547 logback [restartedMain] INFO  c.netflix.discovery.DiscoveryClient - Saw local status change event StatusChangeEvent [timestamp=1522386237547, current=UP, previous=STARTING]
13:03:57.551 logback [DiscoveryClient-InstanceInfoReplicator-0] INFO  c.netflix.discovery.DiscoveryClient - DiscoveryClient_MICROSERVICE-JIAYIBILIN-MYSQL/125.216.243.89:1601: registering service...
13:03:57.573 logback [restartedMain] INFO  o.s.s.a.ScheduledAnnotationBeanPostProcessor - No TaskScheduler/ScheduledExecutorService bean found for scheduled processing
13:03:57.597 logback [restartedMain] INFO  o.a.coyote.http11.Http11NioProtocol - Initializing ProtocolHandler ["http-nio-1601"]
13:03:57.615 logback [DiscoveryClient-InstanceInfoReplicator-0] INFO  c.netflix.discovery.DiscoveryClient - DiscoveryClient_MICROSERVICE-JIAYIBILIN-MYSQL/125.216.243.89:1601 - registration status: 204
13:03:57.619 logback [restartedMain] INFO  o.a.coyote.http11.Http11NioProtocol - Starting ProtocolHandler [http-nio-1601]
13:03:57.638 logback [restartedMain] INFO  o.a.tomcat.util.net.NioSelectorPool - Using a shared selector for servlet write/read
13:03:57.671 logback [restartedMain] INFO  o.s.b.c.e.t.TomcatEmbeddedServletContainer - Tomcat started on port(s): 1601 (http)
13:03:57.672 logback [restartedMain] INFO  o.s.c.n.e.s.EurekaAutoServiceRegistration - Updating port to 1601
13:03:57.677 logback [restartedMain] INFO  com.neo.Application - Started Application in 20.935 seconds (JVM running for 23.956)
13:08:57.079 logback [AsyncResolver-bootstrap-executor-0] INFO  c.n.d.s.r.aws.ConfigClusterResolver - Resolving eureka endpoints via configuration
13:13:57.080 logback [AsyncResolver-bootstrap-executor-0] INFO  c.n.d.s.r.aws.ConfigClusterResolver - Resolving eureka endpoints via configuration
13:18:57.081 logback [AsyncResolver-bootstrap-executor-0] INFO  c.n.d.s.r.aws.ConfigClusterResolver - Resolving eureka endpoints via configuration
13:23:57.082 logback [AsyncResolver-bootstrap-executor-0] INFO  c.n.d.s.r.aws.ConfigClusterResolver - Resolving eureka endpoints via configuration
13:28:57.083 logback [AsyncResolver-bootstrap-executor-0] INFO  c.n.d.s.r.aws.ConfigClusterResolver - Resolving eureka endpoints via configuration
13:33:57.085 logback [AsyncResolver-bootstrap-executor-0] INFO  c.n.d.s.r.aws.ConfigClusterResolver - Resolving eureka endpoints via configuration
13:38:57.087 logback [AsyncResolver-bootstrap-executor-0] INFO  c.n.d.s.r.aws.ConfigClusterResolver - Resolving eureka endpoints via configuration
13:43:57.088 logback [AsyncResolver-bootstrap-executor-0] INFO  c.n.d.s.r.aws.ConfigClusterResolver - Resolving eureka endpoints via configuration
13:48:57.090 logback [AsyncResolver-bootstrap-executor-0] INFO  c.n.d.s.r.aws.ConfigClusterResolver - Resolving eureka endpoints via configuration
13:53:57.096 logback [AsyncResolver-bootstrap-executor-0] INFO  c.n.d.s.r.aws.ConfigClusterResolver - Resolving eureka endpoints via configuration
13:58:57.098 logback [AsyncResolver-bootstrap-executor-0] INFO  c.n.d.s.r.aws.ConfigClusterResolver - Resolving eureka endpoints via configuration
14:00:01.398 logback [pool-8-thread-1] INFO  c.alibaba.druid.pool.DruidDataSource - {dataSource-1} inited
14:00:01.918 logback [pool-8-thread-1] INFO  c.neo.controller.ScheduleController - 成功更新过期服务包
14:03:57.099 logback [AsyncResolver-bootstrap-executor-0] INFO  c.n.d.s.r.aws.ConfigClusterResolver - Resolving eureka endpoints via configuration
14:08:57.100 logback [AsyncResolver-bootstrap-executor-0] INFO  c.n.d.s.r.aws.ConfigClusterResolver - Resolving eureka endpoints via configuration
14:13:57.101 logback [AsyncResolver-bootstrap-executor-0] INFO  c.n.d.s.r.aws.ConfigClusterResolver - Resolving eureka endpoints via configuration
14:18:57.103 logback [AsyncResolver-bootstrap-executor-0] INFO  c.n.d.s.r.aws.ConfigClusterResolver - Resolving eureka endpoints via configuration
14:23:57.104 logback [AsyncResolver-bootstrap-executor-0] INFO  c.n.d.s.r.aws.ConfigClusterResolver - Resolving eureka endpoints via configuration
14:28:57.105 logback [AsyncResolver-bootstrap-executor-0] INFO  c.n.d.s.r.aws.ConfigClusterResolver - Resolving eureka endpoints via configuration
14:33:57.108 logback [AsyncResolver-bootstrap-executor-0] INFO  c.n.d.s.r.aws.ConfigClusterResolver - Resolving eureka endpoints via configuration
14:38:57.112 logback [AsyncResolver-bootstrap-executor-0] INFO  c.n.d.s.r.aws.ConfigClusterResolver - Resolving eureka endpoints via configuration
14:43:57.113 logback [AsyncResolver-bootstrap-executor-0] INFO  c.n.d.s.r.aws.ConfigClusterResolver - Resolving eureka endpoints via configuration
14:48:57.116 logback [AsyncResolver-bootstrap-executor-0] INFO  c.n.d.s.r.aws.ConfigClusterResolver - Resolving eureka endpoints via configuration
14:53:57.128 logback [AsyncResolver-bootstrap-executor-0] INFO  c.n.d.s.r.aws.ConfigClusterResolver - Resolving eureka endpoints via configuration
14:58:57.130 logback [AsyncResolver-bootstrap-executor-0] INFO  c.n.d.s.r.aws.ConfigClusterResolver - Resolving eureka endpoints via configuration
15:00:00.033 logback [pool-8-thread-1] INFO  c.neo.controller.ScheduleController - 成功更新过期服务包
15:03:57.131 logback [AsyncResolver-bootstrap-executor-0] INFO  c.n.d.s.r.aws.ConfigClusterResolver - Resolving eureka endpoints via configuration
15:08:57.133 logback [AsyncResolver-bootstrap-executor-0] INFO  c.n.d.s.r.aws.ConfigClusterResolver - Resolving eureka endpoints via configuration
15:13:57.134 logback [AsyncResolver-bootstrap-executor-0] INFO  c.n.d.s.r.aws.ConfigClusterResolver - Resolving eureka endpoints via configuration
15:18:57.136 logback [AsyncResolver-bootstrap-executor-0] INFO  c.n.d.s.r.aws.ConfigClusterResolver - Resolving eureka endpoints via configuration
15:23:57.137 logback [AsyncResolver-bootstrap-executor-0] INFO  c.n.d.s.r.aws.ConfigClusterResolver - Resolving eureka endpoints via configuration
15:28:57.139 logback [AsyncResolver-bootstrap-executor-0] INFO  c.n.d.s.r.aws.ConfigClusterResolver - Resolving eureka endpoints via configuration
15:33:57.140 logback [AsyncResolver-bootstrap-executor-0] INFO  c.n.d.s.r.aws.ConfigClusterResolver - Resolving eureka endpoints via configuration
15:38:57.142 logback [AsyncResolver-bootstrap-executor-0] INFO  c.n.d.s.r.aws.ConfigClusterResolver - Resolving eureka endpoints via configuration
15:43:57.144 logback [AsyncResolver-bootstrap-executor-0] INFO  c.n.d.s.r.aws.ConfigClusterResolver - Resolving eureka endpoints via configuration
15:48:57.144 logback [AsyncResolver-bootstrap-executor-0] INFO  c.n.d.s.r.aws.ConfigClusterResolver - Resolving eureka endpoints via configuration
15:53:57.147 logback [AsyncResolver-bootstrap-executor-0] INFO  c.n.d.s.r.aws.ConfigClusterResolver - Resolving eureka endpoints via configuration
15:58:57.148 logback [AsyncResolver-bootstrap-executor-0] INFO  c.n.d.s.r.aws.ConfigClusterResolver - Resolving eureka endpoints via configuration
16:00:00.014 logback [pool-8-thread-1] INFO  c.neo.controller.ScheduleController - 成功更新过期服务包
16:03:57.149 logback [AsyncResolver-bootstrap-executor-0] INFO  c.n.d.s.r.aws.ConfigClusterResolver - Resolving eureka endpoints via configuration
16:08:57.151 logback [AsyncResolver-bootstrap-executor-0] INFO  c.n.d.s.r.aws.ConfigClusterResolver - Resolving eureka endpoints via configuration
16:13:57.153 logback [AsyncResolver-bootstrap-executor-0] INFO  c.n.d.s.r.aws.ConfigClusterResolver - Resolving eureka endpoints via configuration
16:18:57.154 logback [AsyncResolver-bootstrap-executor-0] INFO  c.n.d.s.r.aws.ConfigClusterResolver - Resolving eureka endpoints via configuration
16:23:57.155 logback [AsyncResolver-bootstrap-executor-0] INFO  c.n.d.s.r.aws.ConfigClusterResolver - Resolving eureka endpoints via configuration
16:28:57.156 logback [AsyncResolver-bootstrap-executor-0] INFO  c.n.d.s.r.aws.ConfigClusterResolver - Resolving eureka endpoints via configuration
16:33:57.158 logback [AsyncResolver-bootstrap-executor-0] INFO  c.n.d.s.r.aws.ConfigClusterResolver - Resolving eureka endpoints via configuration
16:38:57.160 logback [AsyncResolver-bootstrap-executor-0] INFO  c.n.d.s.r.aws.ConfigClusterResolver - Resolving eureka endpoints via configuration
16:43:57.161 logback [AsyncResolver-bootstrap-executor-0] INFO  c.n.d.s.r.aws.ConfigClusterResolver - Resolving eureka endpoints via configuration
16:48:57.162 logback [AsyncResolver-bootstrap-executor-0] INFO  c.n.d.s.r.aws.ConfigClusterResolver - Resolving eureka endpoints via configuration
16:53:57.164 logback [AsyncResolver-bootstrap-executor-0] INFO  c.n.d.s.r.aws.ConfigClusterResolver - Resolving eureka endpoints via configuration
16:58:57.166 logback [AsyncResolver-bootstrap-executor-0] INFO  c.n.d.s.r.aws.ConfigClusterResolver - Resolving eureka endpoints via configuration
17:00:00.017 logback [pool-8-thread-1] INFO  c.neo.controller.ScheduleController - 成功更新过期服务包
17:03:57.167 logback [AsyncResolver-bootstrap-executor-0] INFO  c.n.d.s.r.aws.ConfigClusterResolver - Resolving eureka endpoints via configuration
17:08:57.169 logback [AsyncResolver-bootstrap-executor-0] INFO  c.n.d.s.r.aws.ConfigClusterResolver - Resolving eureka endpoints via configuration
17:13:57.170 logback [AsyncResolver-bootstrap-executor-0] INFO  c.n.d.s.r.aws.ConfigClusterResolver - Resolving eureka endpoints via configuration
17:18:57.172 logback [AsyncResolver-bootstrap-executor-0] INFO  c.n.d.s.r.aws.ConfigClusterResolver - Resolving eureka endpoints via configuration
17:23:57.172 logback [AsyncResolver-bootstrap-executor-0] INFO  c.n.d.s.r.aws.ConfigClusterResolver - Resolving eureka endpoints via configuration
17:28:57.174 logback [AsyncResolver-bootstrap-executor-0] INFO  c.n.d.s.r.aws.ConfigClusterResolver - Resolving eureka endpoints via configuration
17:33:57.176 logback [AsyncResolver-bootstrap-executor-0] INFO  c.n.d.s.r.aws.ConfigClusterResolver - Resolving eureka endpoints via configuration
17:38:57.178 logback [AsyncResolver-bootstrap-executor-0] INFO  c.n.d.s.r.aws.ConfigClusterResolver - Resolving eureka endpoints via configuration
17:43:57.179 logback [AsyncResolver-bootstrap-executor-0] INFO  c.n.d.s.r.aws.ConfigClusterResolver - Resolving eureka endpoints via configuration
17:48:57.180 logback [AsyncResolver-bootstrap-executor-0] INFO  c.n.d.s.r.aws.ConfigClusterResolver - Resolving eureka endpoints via configuration
17:53:57.181 logback [AsyncResolver-bootstrap-executor-0] INFO  c.n.d.s.r.aws.ConfigClusterResolver - Resolving eureka endpoints via configuration
17:58:57.182 logback [AsyncResolver-bootstrap-executor-0] INFO  c.n.d.s.r.aws.ConfigClusterResolver - Resolving eureka endpoints via configuration
18:00:00.007 logback [pool-8-thread-1] INFO  c.neo.controller.ScheduleController - 成功更新过期服务包
18:03:57.183 logback [AsyncResolver-bootstrap-executor-0] INFO  c.n.d.s.r.aws.ConfigClusterResolver - Resolving eureka endpoints via configuration
18:08:36.155 logback [http-nio-1601-exec-3] INFO  o.a.c.c.C.[Tomcat].[localhost].[/] - Initializing Spring FrameworkServlet 'dispatcherServlet'
18:08:36.156 logback [http-nio-1601-exec-3] INFO  o.s.web.servlet.DispatcherServlet - FrameworkServlet 'dispatcherServlet': initialization started
18:08:36.258 logback [http-nio-1601-exec-3] INFO  o.s.web.servlet.DispatcherServlet - FrameworkServlet 'dispatcherServlet': initialization completed in 102 ms
18:08:37.034 logback [http-nio-1601-exec-1] INFO  com.neo.controller.HealthController - 成功查找具体患者未读模板消息数量
18:08:37.165 logback [http-nio-1601-exec-4] INFO  com.neo.controller.PatientController - 成功根据id返回患者信息
18:08:37.174 logback [http-nio-1601-exec-2] INFO  com.neo.controller.PatientController - 成功筛选留言和回复
18:08:37.175 logback [http-nio-1601-exec-2] INFO  com.neo.controller.PatientController - 成功根据患者获取留言的最新回复
18:08:37.932 logback [http-nio-1601-exec-5] INFO  com.neo.controller.HealthController - 成功查找具体患者未读自定义消息数量
18:08:38.436 logback [http-nio-1601-exec-6] INFO  com.neo.controller.HealthController - 成功查找具体患者未读模板消息数量
18:08:57.185 logback [AsyncResolver-bootstrap-executor-0] INFO  c.n.d.s.r.aws.ConfigClusterResolver - Resolving eureka endpoints via configuration
18:13:57.186 logback [AsyncResolver-bootstrap-executor-0] INFO  c.n.d.s.r.aws.ConfigClusterResolver - Resolving eureka endpoints via configuration
18:18:57.187 logback [AsyncResolver-bootstrap-executor-0] INFO  c.n.d.s.r.aws.ConfigClusterResolver - Resolving eureka endpoints via configuration
18:23:57.188 logback [AsyncResolver-bootstrap-executor-0] INFO  c.n.d.s.r.aws.ConfigClusterResolver - Resolving eureka endpoints via configuration
18:24:49.456 logback [http-nio-1601-exec-1] INFO  com.neo.controller.PatientController - 成功筛选留言和回复
18:24:49.456 logback [http-nio-1601-exec-1] INFO  com.neo.controller.PatientController - 成功根据患者获取留言的最新回复
18:24:49.498 logback [http-nio-1601-exec-2] INFO  com.neo.controller.PatientController - 成功根据id返回患者信息
18:24:49.506 logback [http-nio-1601-exec-4] INFO  com.neo.controller.HealthController - 成功查找具体患者未读模板消息数量
18:24:50.219 logback [http-nio-1601-exec-5] INFO  com.neo.controller.HealthController - 成功查找具体患者未读自定义消息数量
18:24:50.733 logback [http-nio-1601-exec-6] INFO  com.neo.controller.HealthController - 成功查找具体患者未读模板消息数量
18:24:54.769 logback [http-nio-1601-exec-7] INFO  com.neo.controller.PatientController - 成功获取患者的医生群发消息|
18:24:55.436 logback [http-nio-1601-exec-8] INFO  com.neo.controller.HealthController - 成功查找具体患者自定义消息
18:24:56.244 logback [http-nio-1601-exec-9] INFO  com.neo.controller.HealthController - 成功查找具体患者未读模板消息
18:25:06.969 logback [http-nio-1601-exec-10] INFO  com.neo.controller.HealthController - 成功查找具体患者未读自定义消息数量
18:25:08.182 logback [http-nio-1601-exec-3] INFO  com.neo.controller.HealthController - 成功查找具体患者未读模板消息数量
18:25:08.391 logback [http-nio-1601-exec-4] INFO  com.neo.controller.PatientController - 成功筛选留言和回复
18:25:08.391 logback [http-nio-1601-exec-4] INFO  com.neo.controller.PatientController - 成功根据患者获取留言的最新回复
18:25:08.776 logback [http-nio-1601-exec-5] INFO  com.neo.controller.HealthController - 成功查找具体患者未读自定义消息数量
18:25:09.338 logback [http-nio-1601-exec-6] INFO  com.neo.controller.HealthController - 成功查找具体患者未读模板消息数量
18:25:16.071 logback [http-nio-1601-exec-7] INFO  com.neo.controller.HealthController - 成功查找健康信息
18:25:50.458 logback [http-nio-1601-exec-9] INFO  com.neo.controller.HealthController - 成功保存健康信息
18:25:56.323 logback [http-nio-1601-exec-3] INFO  com.neo.controller.HealthController - 成功查找健康信息
18:27:11.639 logback [http-nio-1601-exec-6] INFO  com.neo.controller.HealthController - 成功查找具体患者未读模板消息数量
18:27:11.642 logback [http-nio-1601-exec-7] INFO  com.neo.controller.PatientController - 成功筛选留言和回复
18:27:11.642 logback [http-nio-1601-exec-7] INFO  com.neo.controller.PatientController - 成功根据患者获取留言的最新回复
18:27:11.985 logback [http-nio-1601-exec-8] INFO  com.neo.controller.HealthController - 成功查找具体患者未读自定义消息数量
18:27:12.446 logback [http-nio-1601-exec-10] INFO  com.neo.controller.HealthController - 成功查找具体患者未读模板消息数量
18:28:57.188 logback [AsyncResolver-bootstrap-executor-0] INFO  c.n.d.s.r.aws.ConfigClusterResolver - Resolving eureka endpoints via configuration
18:29:48.409 logback [http-nio-1601-exec-1] INFO  com.neo.controller.HealthController - 成功查找具体患者未读模板消息数量
18:29:48.571 logback [http-nio-1601-exec-4] INFO  com.neo.controller.PatientController - 成功筛选留言和回复
18:29:48.571 logback [http-nio-1601-exec-4] INFO  com.neo.controller.PatientController - 成功根据患者获取留言的最新回复
18:29:48.959 logback [http-nio-1601-exec-6] INFO  com.neo.controller.HealthController - 成功查找具体患者未读自定义消息数量
18:29:49.511 logback [http-nio-1601-exec-7] INFO  com.neo.controller.HealthController - 成功查找具体患者未读模板消息数量
18:29:56.059 logback [http-nio-1601-exec-10] INFO  com.neo.controller.PatientController - 根据患者ID返回他关注的医生的ID
18:29:56.073 logback [http-nio-1601-exec-8] INFO  com.neo.controller.DoctorController - 成功返回医生所有服务包
18:29:56.265 logback [http-nio-1601-exec-9] INFO  com.neo.controller.DoctorController - 成功根据电话返回医生的信息
18:29:56.524 logback [http-nio-1601-exec-3] INFO  com.neo.controller.PatientController - 成功通过患者微信号查找购买的服务实体列表
18:30:00.867 logback [http-nio-1601-exec-1] INFO  com.neo.controller.HealthController - 成功查找具体患者未读模板消息数量
18:30:03.368 logback [http-nio-1601-exec-5] INFO  com.neo.controller.DoctorController - 成功返回医生所有服务包
18:30:03.561 logback [http-nio-1601-exec-4] INFO  com.neo.controller.DoctorController - 成功根据电话返回医生的信息
18:30:04.031 logback [http-nio-1601-exec-6] INFO  com.neo.controller.PatientController - 成功通过患者微信号查找购买的服务实体列表
18:30:23.939 logback [http-nio-1601-exec-10] INFO  com.neo.controller.PatientController - 成功筛选留言和回复
18:30:23.939 logback [http-nio-1601-exec-10] INFO  com.neo.controller.PatientController - 成功根据患者获取留言的最新回复
18:30:24.106 logback [http-nio-1601-exec-9] INFO  com.neo.controller.HealthController - 成功查找具体患者未读模板消息数量
18:30:24.613 logback [http-nio-1601-exec-3] INFO  com.neo.controller.HealthController - 成功查找具体患者未读自定义消息数量
18:30:25.115 logback [http-nio-1601-exec-1] INFO  com.neo.controller.HealthController - 成功查找具体患者未读模板消息数量
18:30:31.191 logback [http-nio-1601-exec-2] INFO  com.neo.controller.DoctorController - 成功返回医生所有服务包
18:30:31.244 logback [http-nio-1601-exec-4] INFO  com.neo.controller.DoctorController - 成功根据电话返回医生的信息
18:30:31.656 logback [http-nio-1601-exec-6] INFO  com.neo.controller.PatientController - 成功通过患者微信号查找购买的服务实体列表
18:30:34.813 logback [http-nio-1601-exec-7] INFO  com.neo.controller.HealthController - 成功查找具体患者未读模板消息数量
18:30:37.362 logback [http-nio-1601-exec-10] INFO  com.neo.controller.DoctorController - 成功返回医生所有服务包
18:30:37.577 logback [http-nio-1601-exec-9] INFO  com.neo.controller.DoctorController - 成功根据电话返回医生的信息
18:30:37.814 logback [http-nio-1601-exec-3] INFO  com.neo.controller.PatientController - 成功通过患者微信号查找购买的服务实体列表
18:30:52.968 logback [http-nio-1601-exec-5] INFO  com.neo.controller.PatientController - 成功通过患者微信号查找购买的服务实体列表
18:31:27.056 logback [http-nio-1601-exec-6] INFO  com.neo.controller.HealthController - 成功查找具体患者未读模板消息数量
18:31:27.064 logback [http-nio-1601-exec-7] INFO  com.neo.controller.PatientController - 成功筛选留言和回复
18:31:27.064 logback [http-nio-1601-exec-7] INFO  com.neo.controller.PatientController - 成功根据患者获取留言的最新回复
18:31:27.552 logback [http-nio-1601-exec-8] INFO  com.neo.controller.HealthController - 成功查找具体患者未读自定义消息数量
18:31:28.065 logback [http-nio-1601-exec-9] INFO  com.neo.controller.HealthController - 成功查找具体患者未读模板消息数量
18:31:30.649 logback [http-nio-1601-exec-3] INFO  com.neo.controller.PatientController - 成功通过患者微信号查找购买的服务实体列表
18:33:57.189 logback [AsyncResolver-bootstrap-executor-0] INFO  c.n.d.s.r.aws.ConfigClusterResolver - Resolving eureka endpoints via configuration
18:38:57.192 logback [AsyncResolver-bootstrap-executor-0] INFO  c.n.d.s.r.aws.ConfigClusterResolver - Resolving eureka endpoints via configuration
18:43:57.192 logback [AsyncResolver-bootstrap-executor-0] INFO  c.n.d.s.r.aws.ConfigClusterResolver - Resolving eureka endpoints via configuration
18:48:57.194 logback [AsyncResolver-bootstrap-executor-0] INFO  c.n.d.s.r.aws.ConfigClusterResolver - Resolving eureka endpoints via configuration
18:53:57.196 logback [AsyncResolver-bootstrap-executor-0] INFO  c.n.d.s.r.aws.ConfigClusterResolver - Resolving eureka endpoints via configuration
18:58:57.196 logback [AsyncResolver-bootstrap-executor-0] INFO  c.n.d.s.r.aws.ConfigClusterResolver - Resolving eureka endpoints via configuration
19:00:00.005 logback [pool-8-thread-1] INFO  c.neo.controller.ScheduleController - 成功更新过期服务包
19:03:57.197 logback [AsyncResolver-bootstrap-executor-0] INFO  c.n.d.s.r.aws.ConfigClusterResolver - Resolving eureka endpoints via configuration
19:08:57.199 logback [AsyncResolver-bootstrap-executor-0] INFO  c.n.d.s.r.aws.ConfigClusterResolver - Resolving eureka endpoints via configuration
19:13:57.200 logback [AsyncResolver-bootstrap-executor-0] INFO  c.n.d.s.r.aws.ConfigClusterResolver - Resolving eureka endpoints via configuration
19:18:57.202 logback [AsyncResolver-bootstrap-executor-0] INFO  c.n.d.s.r.aws.ConfigClusterResolver - Resolving eureka endpoints via configuration
19:23:57.204 logback [AsyncResolver-bootstrap-executor-0] INFO  c.n.d.s.r.aws.ConfigClusterResolver - Resolving eureka endpoints via configuration
19:28:57.206 logback [AsyncResolver-bootstrap-executor-0] INFO  c.n.d.s.r.aws.ConfigClusterResolver - Resolving eureka endpoints via configuration
19:33:57.206 logback [AsyncResolver-bootstrap-executor-0] INFO  c.n.d.s.r.aws.ConfigClusterResolver - Resolving eureka endpoints via configuration
19:38:57.208 logback [AsyncResolver-bootstrap-executor-0] INFO  c.n.d.s.r.aws.ConfigClusterResolver - Resolving eureka endpoints via configuration
19:43:57.209 logback [AsyncResolver-bootstrap-executor-0] INFO  c.n.d.s.r.aws.ConfigClusterResolver - Resolving eureka endpoints via configuration
19:48:57.210 logback [AsyncResolver-bootstrap-executor-0] INFO  c.n.d.s.r.aws.ConfigClusterResolver - Resolving eureka endpoints via configuration
19:53:57.212 logback [AsyncResolver-bootstrap-executor-0] INFO  c.n.d.s.r.aws.ConfigClusterResolver - Resolving eureka endpoints via configuration
19:58:57.213 logback [AsyncResolver-bootstrap-executor-0] INFO  c.n.d.s.r.aws.ConfigClusterResolver - Resolving eureka endpoints via configuration
20:00:00.003 logback [pool-8-thread-1] INFO  c.neo.controller.ScheduleController - 成功更新过期服务包
20:03:57.214 logback [AsyncResolver-bootstrap-executor-0] INFO  c.n.d.s.r.aws.ConfigClusterResolver - Resolving eureka endpoints via configuration
20:08:57.215 logback [AsyncResolver-bootstrap-executor-0] INFO  c.n.d.s.r.aws.ConfigClusterResolver - Resolving eureka endpoints via configuration
20:13:57.217 logback [AsyncResolver-bootstrap-executor-0] INFO  c.n.d.s.r.aws.ConfigClusterResolver - Resolving eureka endpoints via configuration
20:18:57.218 logback [AsyncResolver-bootstrap-executor-0] INFO  c.n.d.s.r.aws.ConfigClusterResolver - Resolving eureka endpoints via configuration
20:23:57.220 logback [AsyncResolver-bootstrap-executor-0] INFO  c.n.d.s.r.aws.ConfigClusterResolver - Resolving eureka endpoints via configuration
20:28:57.222 logback [AsyncResolver-bootstrap-executor-0] INFO  c.n.d.s.r.aws.ConfigClusterResolver - Resolving eureka endpoints via configuration
20:33:57.223 logback [AsyncResolver-bootstrap-executor-0] INFO  c.n.d.s.r.aws.ConfigClusterResolver - Resolving eureka endpoints via configuration
20:38:57.224 logback [AsyncResolver-bootstrap-executor-0] INFO  c.n.d.s.r.aws.ConfigClusterResolver - Resolving eureka endpoints via configuration
20:43:57.226 logback [AsyncResolver-bootstrap-executor-0] INFO  c.n.d.s.r.aws.ConfigClusterResolver - Resolving eureka endpoints via configuration
20:48:57.228 logback [AsyncResolver-bootstrap-executor-0] INFO  c.n.d.s.r.aws.ConfigClusterResolver - Resolving eureka endpoints via configuration
20:53:57.229 logback [AsyncResolver-bootstrap-executor-0] INFO  c.n.d.s.r.aws.ConfigClusterResolver - Resolving eureka endpoints via configuration
20:58:57.231 logback [AsyncResolver-bootstrap-executor-0] INFO  c.n.d.s.r.aws.ConfigClusterResolver - Resolving eureka endpoints via configuration
21:00:00.005 logback [pool-8-thread-1] INFO  c.neo.controller.ScheduleController - 成功更新过期服务包
21:03:57.232 logback [AsyncResolver-bootstrap-executor-0] INFO  c.n.d.s.r.aws.ConfigClusterResolver - Resolving eureka endpoints via configuration
21:08:57.234 logback [AsyncResolver-bootstrap-executor-0] INFO  c.n.d.s.r.aws.ConfigClusterResolver - Resolving eureka endpoints via configuration
21:13:57.235 logback [AsyncResolver-bootstrap-executor-0] INFO  c.n.d.s.r.aws.ConfigClusterResolver - Resolving eureka endpoints via configuration
21:18:57.237 logback [AsyncResolver-bootstrap-executor-0] INFO  c.n.d.s.r.aws.ConfigClusterResolver - Resolving eureka endpoints via configuration
21:23:57.239 logback [AsyncResolver-bootstrap-executor-0] INFO  c.n.d.s.r.aws.ConfigClusterResolver - Resolving eureka endpoints via configuration
21:28:57.240 logback [AsyncResolver-bootstrap-executor-0] INFO  c.n.d.s.r.aws.ConfigClusterResolver - Resolving eureka endpoints via configuration
21:33:57.241 logback [AsyncResolver-bootstrap-executor-0] INFO  c.n.d.s.r.aws.ConfigClusterResolver - Resolving eureka endpoints via configuration
21:38:57.242 logback [AsyncResolver-bootstrap-executor-0] INFO  c.n.d.s.r.aws.ConfigClusterResolver - Resolving eureka endpoints via configuration
21:43:57.243 logback [AsyncResolver-bootstrap-executor-0] INFO  c.n.d.s.r.aws.ConfigClusterResolver - Resolving eureka endpoints via configuration
21:48:57.244 logback [AsyncResolver-bootstrap-executor-0] INFO  c.n.d.s.r.aws.ConfigClusterResolver - Resolving eureka endpoints via configuration
21:53:57.246 logback [AsyncResolver-bootstrap-executor-0] INFO  c.n.d.s.r.aws.ConfigClusterResolver - Resolving eureka endpoints via configuration
21:58:57.246 logback [AsyncResolver-bootstrap-executor-0] INFO  c.n.d.s.r.aws.ConfigClusterResolver - Resolving eureka endpoints via configuration
22:00:00.006 logback [pool-8-thread-1] INFO  c.neo.controller.ScheduleController - 成功更新过期服务包
22:03:57.247 logback [AsyncResolver-bootstrap-executor-0] INFO  c.n.d.s.r.aws.ConfigClusterResolver - Resolving eureka endpoints via configuration
22:08:57.249 logback [AsyncResolver-bootstrap-executor-0] INFO  c.n.d.s.r.aws.ConfigClusterResolver - Resolving eureka endpoints via configuration
22:13:57.251 logback [AsyncResolver-bootstrap-executor-0] INFO  c.n.d.s.r.aws.ConfigClusterResolver - Resolving eureka endpoints via configuration
22:18:57.252 logback [AsyncResolver-bootstrap-executor-0] INFO  c.n.d.s.r.aws.ConfigClusterResolver - Resolving eureka endpoints via configuration
22:23:57.253 logback [AsyncResolver-bootstrap-executor-0] INFO  c.n.d.s.r.aws.ConfigClusterResolver - Resolving eureka endpoints via configuration
22:28:57.254 logback [AsyncResolver-bootstrap-executor-0] INFO  c.n.d.s.r.aws.ConfigClusterResolver - Resolving eureka endpoints via configuration
22:33:57.255 logback [AsyncResolver-bootstrap-executor-0] INFO  c.n.d.s.r.aws.ConfigClusterResolver - Resolving eureka endpoints via configuration
22:38:57.258 logback [AsyncResolver-bootstrap-executor-0] INFO  c.n.d.s.r.aws.ConfigClusterResolver - Resolving eureka endpoints via configuration
22:43:57.261 logback [AsyncResolver-bootstrap-executor-0] INFO  c.n.d.s.r.aws.ConfigClusterResolver - Resolving eureka endpoints via configuration
22:48:57.262 logback [AsyncResolver-bootstrap-executor-0] INFO  c.n.d.s.r.aws.ConfigClusterResolver - Resolving eureka endpoints via configuration
22:53:57.263 logback [AsyncResolver-bootstrap-executor-0] INFO  c.n.d.s.r.aws.ConfigClusterResolver - Resolving eureka endpoints via configuration
22:58:57.265 logback [AsyncResolver-bootstrap-executor-0] INFO  c.n.d.s.r.aws.ConfigClusterResolver - Resolving eureka endpoints via configuration
23:00:00.006 logback [pool-8-thread-1] INFO  c.neo.controller.ScheduleController - 成功更新过期服务包
23:03:57.267 logback [AsyncResolver-bootstrap-executor-0] INFO  c.n.d.s.r.aws.ConfigClusterResolver - Resolving eureka endpoints via configuration
23:08:57.268 logback [AsyncResolver-bootstrap-executor-0] INFO  c.n.d.s.r.aws.ConfigClusterResolver - Resolving eureka endpoints via configuration
23:13:57.269 logback [AsyncResolver-bootstrap-executor-0] INFO  c.n.d.s.r.aws.ConfigClusterResolver - Resolving eureka endpoints via configuration
23:18:57.270 logback [AsyncResolver-bootstrap-executor-0] INFO  c.n.d.s.r.aws.ConfigClusterResolver - Resolving eureka endpoints via configuration
23:23:57.270 logback [AsyncResolver-bootstrap-executor-0] INFO  c.n.d.s.r.aws.ConfigClusterResolver - Resolving eureka endpoints via configuration
23:28:57.273 logback [AsyncResolver-bootstrap-executor-0] INFO  c.n.d.s.r.aws.ConfigClusterResolver - Resolving eureka endpoints via configuration
23:33:57.274 logback [AsyncResolver-bootstrap-executor-0] INFO  c.n.d.s.r.aws.ConfigClusterResolver - Resolving eureka endpoints via configuration
23:38:57.276 logback [AsyncResolver-bootstrap-executor-0] INFO  c.n.d.s.r.aws.ConfigClusterResolver - Resolving eureka endpoints via configuration
23:43:57.278 logback [AsyncResolver-bootstrap-executor-0] INFO  c.n.d.s.r.aws.ConfigClusterResolver - Resolving eureka endpoints via configuration
23:48:57.280 logback [AsyncResolver-bootstrap-executor-0] INFO  c.n.d.s.r.aws.ConfigClusterResolver - Resolving eureka endpoints via configuration
23:53:57.281 logback [AsyncResolver-bootstrap-executor-0] INFO  c.n.d.s.r.aws.ConfigClusterResolver - Resolving eureka endpoints via configuration
23:58:57.282 logback [AsyncResolver-bootstrap-executor-0] INFO  c.n.d.s.r.aws.ConfigClusterResolver - Resolving eureka endpoints via configuration
